<?xml version="1.0" encoding="UTF-8"?>
<coverage generated="1616373867115" clover="3.2.0">
  <project timestamp="1616373867115" name="All files">
    <metrics statements="175" coveredstatements="175" conditionals="93" coveredconditionals="93" methods="32" coveredmethods="32" elements="300" coveredelements="300" complexity="0" loc="175" ncloc="175" packages="4" files="10" classes="10"/>
    <package name="tactics-trainer">
      <metrics statements="121" coveredstatements="121" conditionals="57" coveredconditionals="57" methods="20" coveredmethods="20"/>
      <file name="App.tsx" path="C:\Users\Adam\Desktop\Waste of Intelligence\React-Native\tactics-trainer\App.tsx">
        <metrics statements="4" coveredstatements="4" conditionals="0" coveredconditionals="0" methods="2" coveredmethods="2"/>
        <line num="7" count="1" type="stmt"/>
        <line num="8" count="1" type="stmt"/>
        <line num="9" count="1" type="stmt"/>
        <line num="11" count="1" type="stmt"/>
      </file>
      <file name="game.tsx" path="C:\Users\Adam\Desktop\Waste of Intelligence\React-Native\tactics-trainer\game.tsx">
        <metrics statements="117" coveredstatements="117" conditionals="57" coveredconditionals="57" methods="18" coveredmethods="18"/>
        <line num="19" count="2" type="stmt"/>
        <line num="20" count="265" type="stmt"/>
        <line num="21" count="265" type="stmt"/>
        <line num="22" count="265" type="stmt"/>
        <line num="23" count="265" type="stmt"/>
        <line num="24" count="265" type="stmt"/>
        <line num="25" count="265" type="stmt"/>
        <line num="26" count="265" type="stmt"/>
        <line num="27" count="265" type="stmt"/>
        <line num="28" count="265" type="stmt"/>
        <line num="29" count="265" type="stmt"/>
        <line num="30" count="265" type="stmt"/>
        <line num="31" count="265" type="stmt"/>
        <line num="32" count="265" type="stmt"/>
        <line num="33" count="265" type="stmt"/>
        <line num="34" count="265" type="stmt"/>
        <line num="36" count="265" type="stmt"/>
        <line num="37" count="52" type="stmt"/>
        <line num="39" count="26" type="stmt"/>
        <line num="41" count="26" type="stmt"/>
        <line num="45" count="26" type="stmt"/>
        <line num="47" count="26" type="stmt"/>
        <line num="48" count="26" type="stmt"/>
        <line num="49" count="26" type="stmt"/>
        <line num="50" count="26" type="stmt"/>
        <line num="51" count="26" type="stmt"/>
        <line num="52" count="26" type="stmt"/>
        <line num="53" count="26" type="stmt"/>
        <line num="54" count="26" type="stmt"/>
        <line num="56" count="52" type="cond" truecount="2" falsecount="0"/>
        <line num="57" count="26" type="stmt"/>
        <line num="58" count="26" type="stmt"/>
        <line num="62" count="265" type="stmt"/>
        <line num="63" count="107" type="cond" truecount="4" falsecount="0"/>
        <line num="64" count="18" type="cond" truecount="2" falsecount="0"/>
        <line num="65" count="11" type="stmt"/>
        <line num="66" count="11" type="stmt"/>
        <line num="67" count="11" type="stmt"/>
        <line num="68" count="11" type="stmt"/>
        <line num="69" count="11" type="stmt"/>
        <line num="72" count="7" type="stmt"/>
        <line num="77" count="265" type="stmt"/>
        <line num="78" count="84" type="cond" truecount="2" falsecount="0"/>
        <line num="79" count="51" type="cond" truecount="2" falsecount="0"/>
        <line num="80" count="36" type="stmt"/>
        <line num="82" count="15" type="stmt"/>
        <line num="83" count="94" type="stmt"/>
        <line num="89" count="265" type="stmt"/>
        <line num="90" count="111" type="cond" truecount="4" falsecount="0"/>
        <line num="91" count="7" type="stmt"/>
        <line num="92" count="7" type="cond" truecount="2" falsecount="0"/>
        <line num="94" count="3" type="stmt"/>
        <line num="95" count="3" type="cond" truecount="2" falsecount="0"/>
        <line num="97" count="1" type="stmt"/>
        <line num="98" count="1" type="stmt"/>
        <line num="101" count="2" type="stmt"/>
        <line num="102" count="2" type="stmt"/>
        <line num="103" count="2" type="stmt"/>
        <line num="104" count="2" type="stmt"/>
        <line num="109" count="4" type="stmt"/>
        <line num="111" count="4" type="stmt"/>
        <line num="112" count="4" type="stmt"/>
        <line num="113" count="4" type="stmt"/>
        <line num="114" count="4" type="stmt"/>
        <line num="120" count="265" type="stmt"/>
        <line num="121" count="101" type="cond" truecount="4" falsecount="0"/>
        <line num="122" count="2" type="stmt"/>
        <line num="123" count="2" type="stmt"/>
        <line num="124" count="2" type="cond" truecount="2" falsecount="0"/>
        <line num="125" count="1" type="stmt"/>
        <line num="126" count="1" type="stmt"/>
        <line num="127" count="1" type="stmt"/>
        <line num="128" count="1" type="stmt"/>
        <line num="129" count="1" type="stmt"/>
        <line num="134" count="265" type="stmt"/>
        <line num="135" count="26" type="cond" truecount="4" falsecount="0"/>
        <line num="136" count="25" type="stmt"/>
        <line num="137" count="25" type="cond" truecount="2" falsecount="0"/>
        <line num="138" count="15" type="stmt"/>
        <line num="140" count="15" type="cond" truecount="4" falsecount="0"/>
        <line num="141" count="14" type="stmt"/>
        <line num="142" count="14" type="stmt"/>
        <line num="147" count="10" type="stmt"/>
        <line num="148" count="10" type="stmt"/>
        <line num="149" count="34" type="cond" truecount="2" falsecount="0"/>
        <line num="152" count="10" type="cond" truecount="4" falsecount="0"/>
        <line num="153" count="7" type="stmt"/>
        <line num="154" count="3" type="cond" truecount="2" falsecount="0"/>
        <line num="156" count="1" type="stmt"/>
        <line num="157" count="1" type="stmt"/>
        <line num="160" count="2" type="stmt"/>
        <line num="161" count="2" type="cond" truecount="4" falsecount="0"/>
        <line num="162" count="1" type="stmt"/>
        <line num="163" count="1" type="stmt"/>
        <line num="165" count="1" type="stmt"/>
        <line num="166" count="1" type="stmt"/>
        <line num="172" count="265" type="stmt"/>
        <line num="177" count="7" type="stmt"/>
        <line num="178" count="7" type="stmt"/>
        <line num="179" count="7" type="stmt"/>
        <line num="180" count="7" type="stmt"/>
        <line num="181" count="7" type="stmt"/>
        <line num="183" count="265" type="stmt"/>
        <line num="184" count="7" type="stmt"/>
        <line num="185" count="7" type="stmt"/>
        <line num="187" count="265" type="stmt"/>
        <line num="188" count="1" type="stmt"/>
        <line num="190" count="265" type="stmt"/>
        <line num="191" count="1" type="stmt"/>
        <line num="195" count="265" type="stmt"/>
        <line num="196" count="1" type="stmt"/>
        <line num="197" count="1" type="stmt"/>
        <line num="198" count="1" type="stmt"/>
        <line num="199" count="1" type="stmt"/>
        <line num="200" count="1" type="stmt"/>
        <line num="201" count="1" type="stmt"/>
        <line num="204" count="265" type="stmt"/>
      </file>
    </package>
    <package name="tactics-trainer.components">
      <metrics statements="27" coveredstatements="27" conditionals="22" coveredconditionals="22" methods="8" coveredmethods="8"/>
      <file name="board.tsx" path="C:\Users\Adam\Desktop\Waste of Intelligence\React-Native\tactics-trainer\components\board.tsx">
        <metrics statements="21" coveredstatements="21" conditionals="16" coveredconditionals="16" methods="7" coveredmethods="7"/>
        <line num="24" count="2" type="stmt"/>
        <line num="30" count="235" type="stmt"/>
        <line num="31" count="15040" type="stmt"/>
        <line num="32" count="15040" type="cond" truecount="2" falsecount="0"/>
        <line num="34" count="7520" type="cond" truecount="2" falsecount="0"/>
        <line num="35" count="3760" type="stmt"/>
        <line num="37" count="3760" type="stmt"/>
        <line num="41" count="7520" type="cond" truecount="2" falsecount="0"/>
        <line num="42" count="3760" type="stmt"/>
        <line num="44" count="3760" type="stmt"/>
        <line num="48" count="15040" type="stmt"/>
        <line num="50" count="235" type="stmt"/>
        <line num="51" count="15040" type="stmt"/>
        <line num="52" count="15040" type="stmt"/>
        <line num="54" count="235" type="stmt"/>
        <line num="55" count="15040" type="stmt"/>
        <line num="56" count="15040" type="stmt"/>
        <line num="58" count="235" type="stmt"/>
        <line num="61" count="1880" type="stmt"/>
        <line num="64" count="15040" type="stmt"/>
        <line num="67" count="26" type="stmt"/>
      </file>
      <file name="controls.tsx" path="C:\Users\Adam\Desktop\Waste of Intelligence\React-Native\tactics-trainer\components\controls.tsx">
        <metrics statements="6" coveredstatements="6" conditionals="6" coveredconditionals="6" methods="1" coveredmethods="1"/>
        <line num="16" count="2" type="stmt"/>
        <line num="24" count="235" type="cond" truecount="4" falsecount="0"/>
        <line num="25" count="107" type="stmt"/>
        <line num="36" count="128" type="cond" truecount="2" falsecount="0"/>
        <line num="37" count="18" type="stmt"/>
        <line num="39" count="110" type="stmt"/>
      </file>
    </package>
    <package name="tactics-trainer.helpers">
      <metrics statements="26" coveredstatements="26" conditionals="14" coveredconditionals="14" methods="4" coveredmethods="4"/>
      <file name="chooseImage.ts" path="C:\Users\Adam\Desktop\Waste of Intelligence\React-Native\tactics-trainer\helpers\chooseImage.ts">
        <metrics statements="16" coveredstatements="16" conditionals="14" coveredconditionals="14" methods="1" coveredmethods="1"/>
        <line num="4" count="2" type="stmt"/>
        <line num="5" count="4391" type="cond" truecount="2" falsecount="0"/>
        <line num="6" count="1852" type="cond" truecount="6" falsecount="0"/>
        <line num="8" count="233" type="stmt"/>
        <line num="10" count="230" type="stmt"/>
        <line num="12" count="3" type="stmt"/>
        <line num="14" count="3" type="stmt"/>
        <line num="16" count="463" type="stmt"/>
        <line num="18" count="920" type="stmt"/>
        <line num="21" count="2539" type="cond" truecount="6" falsecount="0"/>
        <line num="23" count="233" type="stmt"/>
        <line num="25" count="3" type="stmt"/>
        <line num="27" count="230" type="stmt"/>
        <line num="29" count="230" type="stmt"/>
        <line num="31" count="463" type="stmt"/>
        <line num="33" count="1380" type="stmt"/>
      </file>
      <file name="convertCoords.ts" path="C:\Users\Adam\Desktop\Waste of Intelligence\React-Native\tactics-trainer\helpers\convertCoords.ts">
        <metrics statements="4" coveredstatements="4" conditionals="0" coveredconditionals="0" methods="1" coveredmethods="1"/>
        <line num="1" count="3" type="stmt"/>
        <line num="2" count="48908" type="stmt"/>
        <line num="3" count="48908" type="stmt"/>
        <line num="4" count="48908" type="stmt"/>
      </file>
      <file name="firebase.tsx" path="C:\Users\Adam\Desktop\Waste of Intelligence\React-Native\tactics-trainer\helpers\firebase.tsx">
        <metrics statements="3" coveredstatements="3" conditionals="0" coveredconditionals="0" methods="1" coveredmethods="1"/>
        <line num="6" count="2" type="stmt"/>
        <line num="11" count="2" type="stmt"/>
        <line num="12" count="1" type="stmt"/>
      </file>
      <file name="pgnString.ts" path="C:\Users\Adam\Desktop\Waste of Intelligence\React-Native\tactics-trainer\helpers\pgnString.ts">
        <metrics statements="3" coveredstatements="3" conditionals="0" coveredconditionals="0" methods="1" coveredmethods="1"/>
        <line num="3" count="3" type="stmt"/>
        <line num="4" count="136" type="stmt"/>
        <line num="5" count="136" type="stmt"/>
      </file>
    </package>
    <package name="tactics-trainer.types">
      <metrics statements="1" coveredstatements="1" conditionals="0" coveredconditionals="0" methods="0" coveredmethods="0"/>
      <file name="PGN.ts" path="C:\Users\Adam\Desktop\Waste of Intelligence\React-Native\tactics-trainer\types\PGN.ts">
        <metrics statements="1" coveredstatements="1" conditionals="0" coveredconditionals="0" methods="0" coveredmethods="0"/>
        <line num="15" count="2" type="stmt"/>
      </file>
      <file name="env.d.ts" path="C:\Users\Adam\Desktop\Waste of Intelligence\React-Native\tactics-trainer\types\env.d.ts">
        <metrics statements="0" coveredstatements="0" conditionals="0" coveredconditionals="0" methods="0" coveredmethods="0"/>
      </file>
    </package>
  </project>
</coverage>
