{"C:\\Users\\awbri\\Desktop\\Waste of Intelligence\\React-Native\\tactics-trainer-remake\\App.tsx": {"path":"C:\\Users\\awbri\\Desktop\\Waste of Intelligence\\React-Native\\tactics-trainer-remake\\App.tsx","statementMap":{"0":{"start":{"line":15,"column":12},"end":{"line":320,"column":1}},"1":{"start":{"line":16,"column":16},"end":{"line":16,"column":43}},"2":{"start":{"line":17,"column":22},"end":{"line":17,"column":40}},"3":{"start":{"line":18,"column":24},"end":{"line":18,"column":65}},"4":{"start":{"line":19,"column":46},"end":{"line":19,"column":76}},"5":{"start":{"line":20,"column":50},"end":{"line":22,"column":3}},"6":{"start":{"line":23,"column":40},"end":{"line":23,"column":60}},"7":{"start":{"line":24,"column":39},"end":{"line":24,"column":75}},"8":{"start":{"line":25,"column":34},"end":{"line":25,"column":56}},"9":{"start":{"line":26,"column":48},"end":{"line":26,"column":72}},"10":{"start":{"line":27,"column":42},"end":{"line":27,"column":66}},"11":{"start":{"line":28,"column":36},"end":{"line":28,"column":60}},"12":{"start":{"line":29,"column":34},"end":{"line":31,"column":3}},"13":{"start":{"line":32,"column":26},"end":{"line":32,"column":55}},"14":{"start":{"line":33,"column":44},"end":{"line":33,"column":67}},"15":{"start":{"line":34,"column":21},"end":{"line":34,"column":43}},"16":{"start":{"line":35,"column":19},"end":{"line":35,"column":37}},"17":{"start":{"line":36,"column":20},"end":{"line":36,"column":45}},"18":{"start":{"line":38,"column":4},"end":{"line":43,"column":34}},"19":{"start":{"line":43,"column":22},"end":{"line":43,"column":33}},"20":{"start":{"line":44,"column":21},"end":{"line":67,"column":3}},"21":{"start":{"line":46,"column":19},"end":{"line":46,"column":61}},"22":{"start":{"line":47,"column":19},"end":{"line":47,"column":34}},"23":{"start":{"line":50,"column":27},"end":{"line":50,"column":66}},"24":{"start":{"line":50,"column":49},"end":{"line":50,"column":55}},"25":{"start":{"line":51,"column":4},"end":{"line":51,"column":66}},"26":{"start":{"line":52,"column":4},"end":{"line":52,"column":54}},"27":{"start":{"line":54,"column":4},"end":{"line":54,"column":27}},"28":{"start":{"line":55,"column":4},"end":{"line":55,"column":30}},"29":{"start":{"line":56,"column":4},"end":{"line":56,"column":30}},"30":{"start":{"line":57,"column":4},"end":{"line":57,"column":74}},"31":{"start":{"line":58,"column":4},"end":{"line":58,"column":33}},"32":{"start":{"line":59,"column":4},"end":{"line":59,"column":20}},"33":{"start":{"line":60,"column":4},"end":{"line":60,"column":35}},"34":{"start":{"line":61,"column":4},"end":{"line":61,"column":33}},"35":{"start":{"line":62,"column":4},"end":{"line":62,"column":23}},"36":{"start":{"line":63,"column":4},"end":{"line":63,"column":18}},"37":{"start":{"line":64,"column":4},"end":{"line":64,"column":26}},"38":{"start":{"line":65,"column":4},"end":{"line":65,"column":22}},"39":{"start":{"line":66,"column":4},"end":{"line":66,"column":27}},"40":{"start":{"line":70,"column":2},"end":{"line":72,"column":9}},"41":{"start":{"line":71,"column":4},"end":{"line":71,"column":17}},"42":{"start":{"line":75,"column":22},"end":{"line":125,"column":3}},"43":{"start":{"line":76,"column":4},"end":{"line":124,"column":5}},"44":{"start":{"line":77,"column":6},"end":{"line":123,"column":7}},"45":{"start":{"line":79,"column":30},"end":{"line":79,"column":51}},"46":{"start":{"line":81,"column":8},"end":{"line":90,"column":9}},"47":{"start":{"line":82,"column":10},"end":{"line":82,"column":40}},"48":{"start":{"line":83,"column":50},"end":{"line":88,"column":14}},"49":{"start":{"line":86,"column":27},"end":{"line":86,"column":28}},"50":{"start":{"line":87,"column":14},"end":{"line":87,"column":29}},"51":{"start":{"line":89,"column":10},"end":{"line":89,"column":54}},"52":{"start":{"line":93,"column":8},"end":{"line":122,"column":9}},"53":{"start":{"line":95,"column":27},"end":{"line":95,"column":59}},"54":{"start":{"line":96,"column":10},"end":{"line":101,"column":11}},"55":{"start":{"line":97,"column":12},"end":{"line":97,"column":31}},"56":{"start":{"line":98,"column":12},"end":{"line":98,"column":41}},"57":{"start":{"line":100,"column":12},"end":{"line":100,"column":50}},"58":{"start":{"line":102,"column":15},"end":{"line":122,"column":9}},"59":{"start":{"line":105,"column":10},"end":{"line":105,"column":39}},"60":{"start":{"line":106,"column":10},"end":{"line":106,"column":41}},"61":{"start":{"line":107,"column":15},"end":{"line":122,"column":9}},"62":{"start":{"line":110,"column":10},"end":{"line":110,"column":40}},"63":{"start":{"line":111,"column":50},"end":{"line":116,"column":14}},"64":{"start":{"line":114,"column":27},"end":{"line":114,"column":28}},"65":{"start":{"line":115,"column":14},"end":{"line":115,"column":29}},"66":{"start":{"line":117,"column":10},"end":{"line":117,"column":54}},"67":{"start":{"line":120,"column":10},"end":{"line":120,"column":39}},"68":{"start":{"line":121,"column":10},"end":{"line":121,"column":41}},"69":{"start":{"line":126,"column":23},"end":{"line":137,"column":3}},"70":{"start":{"line":127,"column":4},"end":{"line":127,"column":28}},"71":{"start":{"line":128,"column":4},"end":{"line":136,"column":13}},"72":{"start":{"line":129,"column":30},"end":{"line":129,"column":61}},"73":{"start":{"line":130,"column":6},"end":{"line":130,"column":32}},"74":{"start":{"line":131,"column":6},"end":{"line":131,"column":51}},"75":{"start":{"line":132,"column":6},"end":{"line":132,"column":25}},"76":{"start":{"line":133,"column":6},"end":{"line":133,"column":30}},"77":{"start":{"line":134,"column":6},"end":{"line":134,"column":44}},"78":{"start":{"line":134,"column":28},"end":{"line":134,"column":42}},"79":{"start":{"line":135,"column":6},"end":{"line":135,"column":29}},"80":{"start":{"line":138,"column":19},"end":{"line":163,"column":3}},"81":{"start":{"line":139,"column":4},"end":{"line":162,"column":5}},"82":{"start":{"line":141,"column":6},"end":{"line":141,"column":40}},"83":{"start":{"line":142,"column":6},"end":{"line":142,"column":35}},"84":{"start":{"line":143,"column":6},"end":{"line":143,"column":37}},"85":{"start":{"line":146,"column":23},"end":{"line":146,"column":46}},"86":{"start":{"line":147,"column":19},"end":{"line":147,"column":39}},"87":{"start":{"line":148,"column":6},"end":{"line":148,"column":49}},"88":{"start":{"line":148,"column":28},"end":{"line":148,"column":47}},"89":{"start":{"line":149,"column":6},"end":{"line":149,"column":50}},"90":{"start":{"line":150,"column":6},"end":{"line":150,"column":20}},"91":{"start":{"line":151,"column":6},"end":{"line":151,"column":35}},"92":{"start":{"line":152,"column":6},"end":{"line":152,"column":37}},"93":{"start":{"line":153,"column":6},"end":{"line":161,"column":7}},"94":{"start":{"line":155,"column":8},"end":{"line":155,"column":31}},"95":{"start":{"line":156,"column":8},"end":{"line":156,"column":30}},"96":{"start":{"line":159,"column":8},"end":{"line":159,"column":53}},"97":{"start":{"line":160,"column":8},"end":{"line":160,"column":23}},"98":{"start":{"line":164,"column":23},"end":{"line":182,"column":3}},"99":{"start":{"line":165,"column":4},"end":{"line":165,"column":29}},"100":{"start":{"line":166,"column":4},"end":{"line":166,"column":27}},"101":{"start":{"line":167,"column":4},"end":{"line":167,"column":18}},"102":{"start":{"line":168,"column":4},"end":{"line":168,"column":35}},"103":{"start":{"line":169,"column":4},"end":{"line":169,"column":27}},"104":{"start":{"line":170,"column":4},"end":{"line":181,"column":13}},"105":{"start":{"line":171,"column":23},"end":{"line":171,"column":46}},"106":{"start":{"line":172,"column":19},"end":{"line":172,"column":39}},"107":{"start":{"line":173,"column":6},"end":{"line":173,"column":49}},"108":{"start":{"line":173,"column":28},"end":{"line":173,"column":47}},"109":{"start":{"line":174,"column":6},"end":{"line":174,"column":50}},"110":{"start":{"line":175,"column":6},"end":{"line":180,"column":7}},"111":{"start":{"line":176,"column":8},"end":{"line":176,"column":53}},"112":{"start":{"line":177,"column":8},"end":{"line":177,"column":23}},"113":{"start":{"line":179,"column":8},"end":{"line":179,"column":34}},"114":{"start":{"line":183,"column":20},"end":{"line":210,"column":3}},"115":{"start":{"line":184,"column":21},"end":{"line":184,"column":44}},"116":{"start":{"line":185,"column":4},"end":{"line":209,"column":5}},"117":{"start":{"line":187,"column":6},"end":{"line":187,"column":40}},"118":{"start":{"line":188,"column":6},"end":{"line":188,"column":50}},"119":{"start":{"line":189,"column":6},"end":{"line":189,"column":20}},"120":{"start":{"line":190,"column":6},"end":{"line":198,"column":7}},"121":{"start":{"line":192,"column":8},"end":{"line":192,"column":31}},"122":{"start":{"line":193,"column":8},"end":{"line":193,"column":30}},"123":{"start":{"line":196,"column":8},"end":{"line":196,"column":53}},"124":{"start":{"line":197,"column":8},"end":{"line":197,"column":23}},"125":{"start":{"line":199,"column":6},"end":{"line":199,"column":30}},"126":{"start":{"line":200,"column":6},"end":{"line":200,"column":49}},"127":{"start":{"line":200,"column":28},"end":{"line":200,"column":47}},"128":{"start":{"line":204,"column":6},"end":{"line":208,"column":14}},"129":{"start":{"line":205,"column":8},"end":{"line":205,"column":40}},"130":{"start":{"line":206,"column":8},"end":{"line":206,"column":34}},"131":{"start":{"line":207,"column":8},"end":{"line":207,"column":32}},"132":{"start":{"line":211,"column":20},"end":{"line":224,"column":3}},"133":{"start":{"line":216,"column":4},"end":{"line":216,"column":38}},"134":{"start":{"line":217,"column":4},"end":{"line":217,"column":24}},"135":{"start":{"line":218,"column":17},"end":{"line":218,"column":67}},"136":{"start":{"line":219,"column":4},"end":{"line":219,"column":33}},"137":{"start":{"line":220,"column":4},"end":{"line":220,"column":35}},"138":{"start":{"line":221,"column":4},"end":{"line":221,"column":23}},"139":{"start":{"line":222,"column":4},"end":{"line":222,"column":31}},"140":{"start":{"line":223,"column":4},"end":{"line":223,"column":20}},"141":{"start":{"line":226,"column":19},"end":{"line":230,"column":3}},"142":{"start":{"line":227,"column":4},"end":{"line":229,"column":6}},"143":{"start":{"line":231,"column":16},"end":{"line":240,"column":3}},"144":{"start":{"line":232,"column":4},"end":{"line":232,"column":30}},"145":{"start":{"line":233,"column":4},"end":{"line":233,"column":54}},"146":{"start":{"line":234,"column":4},"end":{"line":234,"column":42}},"147":{"start":{"line":235,"column":4},"end":{"line":235,"column":26}},"148":{"start":{"line":236,"column":4},"end":{"line":236,"column":23}},"149":{"start":{"line":237,"column":4},"end":{"line":237,"column":20}},"150":{"start":{"line":238,"column":4},"end":{"line":238,"column":22}},"151":{"start":{"line":239,"column":4},"end":{"line":239,"column":27}},"152":{"start":{"line":241,"column":22},"end":{"line":246,"column":3}},"153":{"start":{"line":242,"column":4},"end":{"line":242,"column":24}},"154":{"start":{"line":243,"column":4},"end":{"line":243,"column":28}},"155":{"start":{"line":244,"column":4},"end":{"line":244,"column":35}},"156":{"start":{"line":245,"column":4},"end":{"line":245,"column":29}},"157":{"start":{"line":248,"column":2},"end":{"line":319,"column":4}},"158":{"start":{"line":324,"column":18},"end":{"line":358,"column":2}}},"fnMap":{"0":{"name":"(anonymous_0)","decl":{"start":{"line":15,"column":12},"end":{"line":15,"column":13}},"loc":{"start":{"line":15,"column":18},"end":{"line":320,"column":1}},"line":15},"1":{"name":"(anonymous_1)","decl":{"start":{"line":43,"column":15},"end":{"line":43,"column":16}},"loc":{"start":{"line":43,"column":22},"end":{"line":43,"column":33}},"line":43},"2":{"name":"(anonymous_2)","decl":{"start":{"line":44,"column":21},"end":{"line":44,"column":22}},"loc":{"start":{"line":44,"column":27},"end":{"line":67,"column":3}},"line":44},"3":{"name":"(anonymous_3)","decl":{"start":{"line":50,"column":42},"end":{"line":50,"column":43}},"loc":{"start":{"line":50,"column":49},"end":{"line":50,"column":55}},"line":50},"4":{"name":"(anonymous_4)","decl":{"start":{"line":70,"column":12},"end":{"line":70,"column":13}},"loc":{"start":{"line":70,"column":18},"end":{"line":72,"column":3}},"line":70},"5":{"name":"(anonymous_5)","decl":{"start":{"line":75,"column":22},"end":{"line":75,"column":23}},"loc":{"start":{"line":75,"column":46},"end":{"line":125,"column":3}},"line":75},"6":{"name":"(anonymous_6)","decl":{"start":{"line":85,"column":17},"end":{"line":85,"column":18}},"loc":{"start":{"line":85,"column":24},"end":{"line":88,"column":13}},"line":85},"7":{"name":"(anonymous_7)","decl":{"start":{"line":113,"column":17},"end":{"line":113,"column":18}},"loc":{"start":{"line":113,"column":24},"end":{"line":116,"column":13}},"line":113},"8":{"name":"(anonymous_8)","decl":{"start":{"line":126,"column":23},"end":{"line":126,"column":24}},"loc":{"start":{"line":126,"column":29},"end":{"line":137,"column":3}},"line":126},"9":{"name":"(anonymous_9)","decl":{"start":{"line":128,"column":15},"end":{"line":128,"column":16}},"loc":{"start":{"line":128,"column":21},"end":{"line":136,"column":5}},"line":128},"10":{"name":"(anonymous_10)","decl":{"start":{"line":134,"column":18},"end":{"line":134,"column":19}},"loc":{"start":{"line":134,"column":28},"end":{"line":134,"column":42}},"line":134},"11":{"name":"(anonymous_11)","decl":{"start":{"line":138,"column":19},"end":{"line":138,"column":20}},"loc":{"start":{"line":138,"column":25},"end":{"line":163,"column":3}},"line":138},"12":{"name":"(anonymous_12)","decl":{"start":{"line":148,"column":18},"end":{"line":148,"column":19}},"loc":{"start":{"line":148,"column":28},"end":{"line":148,"column":47}},"line":148},"13":{"name":"(anonymous_13)","decl":{"start":{"line":164,"column":23},"end":{"line":164,"column":24}},"loc":{"start":{"line":164,"column":29},"end":{"line":182,"column":3}},"line":164},"14":{"name":"(anonymous_14)","decl":{"start":{"line":170,"column":15},"end":{"line":170,"column":16}},"loc":{"start":{"line":170,"column":21},"end":{"line":181,"column":5}},"line":170},"15":{"name":"(anonymous_15)","decl":{"start":{"line":173,"column":18},"end":{"line":173,"column":19}},"loc":{"start":{"line":173,"column":28},"end":{"line":173,"column":47}},"line":173},"16":{"name":"(anonymous_16)","decl":{"start":{"line":183,"column":20},"end":{"line":183,"column":21}},"loc":{"start":{"line":183,"column":36},"end":{"line":210,"column":3}},"line":183},"17":{"name":"(anonymous_17)","decl":{"start":{"line":200,"column":18},"end":{"line":200,"column":19}},"loc":{"start":{"line":200,"column":28},"end":{"line":200,"column":47}},"line":200},"18":{"name":"(anonymous_18)","decl":{"start":{"line":204,"column":17},"end":{"line":204,"column":18}},"loc":{"start":{"line":204,"column":23},"end":{"line":208,"column":7}},"line":204},"19":{"name":"(anonymous_19)","decl":{"start":{"line":211,"column":20},"end":{"line":211,"column":21}},"loc":{"start":{"line":215,"column":7},"end":{"line":224,"column":3}},"line":215},"20":{"name":"(anonymous_20)","decl":{"start":{"line":226,"column":19},"end":{"line":226,"column":20}},"loc":{"start":{"line":226,"column":25},"end":{"line":230,"column":3}},"line":226},"21":{"name":"(anonymous_21)","decl":{"start":{"line":231,"column":16},"end":{"line":231,"column":17}},"loc":{"start":{"line":231,"column":22},"end":{"line":240,"column":3}},"line":231},"22":{"name":"(anonymous_22)","decl":{"start":{"line":241,"column":22},"end":{"line":241,"column":23}},"loc":{"start":{"line":241,"column":28},"end":{"line":246,"column":3}},"line":241}},"branchMap":{"0":{"loc":{"start":{"line":38,"column":4},"end":{"line":43,"column":34}},"type":"cond-expr","locations":[{"start":{"line":39,"column":8},"end":{"line":39,"column":21}},{"start":{"line":40,"column":8},"end":{"line":43,"column":34}}],"line":38},"1":{"loc":{"start":{"line":76,"column":4},"end":{"line":124,"column":5}},"type":"if","locations":[{"start":{"line":76,"column":4},"end":{"line":124,"column":5}},{"start":{},"end":{}}],"line":76},"2":{"loc":{"start":{"line":76,"column":8},"end":{"line":76,"column":42}},"type":"binary-expr","locations":[{"start":{"line":76,"column":8},"end":{"line":76,"column":26}},{"start":{"line":76,"column":30},"end":{"line":76,"column":42}}],"line":76},"3":{"loc":{"start":{"line":77,"column":6},"end":{"line":123,"column":7}},"type":"if","locations":[{"start":{"line":77,"column":6},"end":{"line":123,"column":7}},{"start":{"line":91,"column":13},"end":{"line":123,"column":7}}],"line":77},"4":{"loc":{"start":{"line":81,"column":8},"end":{"line":90,"column":9}},"type":"if","locations":[{"start":{"line":81,"column":8},"end":{"line":90,"column":9}},{"start":{},"end":{}}],"line":81},"5":{"loc":{"start":{"line":81,"column":12},"end":{"line":81,"column":64}},"type":"binary-expr","locations":[{"start":{"line":81,"column":12},"end":{"line":81,"column":25}},{"start":{"line":81,"column":29},"end":{"line":81,"column":64}}],"line":81},"6":{"loc":{"start":{"line":93,"column":8},"end":{"line":122,"column":9}},"type":"if","locations":[{"start":{"line":93,"column":8},"end":{"line":122,"column":9}},{"start":{"line":102,"column":15},"end":{"line":122,"column":9}}],"line":93},"7":{"loc":{"start":{"line":96,"column":10},"end":{"line":101,"column":11}},"type":"if","locations":[{"start":{"line":96,"column":10},"end":{"line":101,"column":11}},{"start":{"line":99,"column":17},"end":{"line":101,"column":11}}],"line":96},"8":{"loc":{"start":{"line":102,"column":15},"end":{"line":122,"column":9}},"type":"if","locations":[{"start":{"line":102,"column":15},"end":{"line":122,"column":9}},{"start":{"line":107,"column":15},"end":{"line":122,"column":9}}],"line":102},"9":{"loc":{"start":{"line":107,"column":15},"end":{"line":122,"column":9}},"type":"if","locations":[{"start":{"line":107,"column":15},"end":{"line":122,"column":9}},{"start":{"line":118,"column":15},"end":{"line":122,"column":9}}],"line":107},"10":{"loc":{"start":{"line":139,"column":4},"end":{"line":162,"column":5}},"type":"if","locations":[{"start":{"line":139,"column":4},"end":{"line":162,"column":5}},{"start":{"line":144,"column":11},"end":{"line":162,"column":5}}],"line":139},"11":{"loc":{"start":{"line":153,"column":6},"end":{"line":161,"column":7}},"type":"if","locations":[{"start":{"line":153,"column":6},"end":{"line":161,"column":7}},{"start":{"line":157,"column":13},"end":{"line":161,"column":7}}],"line":153},"12":{"loc":{"start":{"line":175,"column":6},"end":{"line":180,"column":7}},"type":"if","locations":[{"start":{"line":175,"column":6},"end":{"line":180,"column":7}},{"start":{"line":178,"column":13},"end":{"line":180,"column":7}}],"line":175},"13":{"loc":{"start":{"line":185,"column":4},"end":{"line":209,"column":5}},"type":"if","locations":[{"start":{"line":185,"column":4},"end":{"line":209,"column":5}},{"start":{"line":201,"column":11},"end":{"line":209,"column":5}}],"line":185},"14":{"loc":{"start":{"line":190,"column":6},"end":{"line":198,"column":7}},"type":"if","locations":[{"start":{"line":190,"column":6},"end":{"line":198,"column":7}},{"start":{"line":194,"column":13},"end":{"line":198,"column":7}}],"line":190},"15":{"loc":{"start":{"line":214,"column":4},"end":{"line":214,"column":42}},"type":"default-arg","locations":[{"start":{"line":214,"column":39},"end":{"line":214,"column":42}}],"line":214},"16":{"loc":{"start":{"line":269,"column":11},"end":{"line":269,"column":50}},"type":"cond-expr","locations":[{"start":{"line":269,"column":33},"end":{"line":269,"column":40}},{"start":{"line":269,"column":43},"end":{"line":269,"column":50}}],"line":269},"17":{"loc":{"start":{"line":271,"column":9},"end":{"line":273,"column":9}},"type":"binary-expr","locations":[{"start":{"line":271,"column":9},"end":{"line":271,"column":31}},{"start":{"line":272,"column":10},"end":{"line":272,"column":74}}],"line":271},"18":{"loc":{"start":{"line":274,"column":9},"end":{"line":276,"column":9}},"type":"binary-expr","locations":[{"start":{"line":274,"column":9},"end":{"line":274,"column":31}},{"start":{"line":275,"column":10},"end":{"line":275,"column":59}}],"line":274}},"s":{"0":1,"1":111,"2":111,"3":111,"4":111,"5":111,"6":111,"7":111,"8":111,"9":111,"10":111,"11":111,"12":111,"13":111,"14":111,"15":111,"16":111,"17":111,"18":111,"19":344,"20":111,"21":27,"22":27,"23":27,"24":103,"25":27,"26":27,"27":27,"28":27,"29":27,"30":27,"31":27,"32":27,"33":27,"34":27,"35":27,"36":27,"37":27,"38":27,"39":27,"40":111,"41":27,"42":111,"43":34,"44":33,"45":18,"46":18,"47":16,"48":16,"49":91,"50":91,"51":16,"52":15,"53":12,"54":12,"55":6,"56":6,"57":6,"58":3,"59":1,"60":1,"61":2,"62":1,"63":1,"64":7,"65":7,"66":1,"67":1,"68":1,"69":111,"70":4,"71":4,"72":4,"73":4,"74":4,"75":4,"76":4,"77":4,"78":4,"79":4,"80":111,"81":7,"82":4,"83":4,"84":4,"85":3,"86":3,"87":3,"88":3,"89":3,"90":3,"91":3,"92":3,"93":3,"94":1,"95":1,"96":2,"97":2,"98":111,"99":5,"100":5,"101":5,"102":5,"103":5,"104":5,"105":5,"106":5,"107":5,"108":5,"109":5,"110":5,"111":4,"112":4,"113":1,"114":111,"115":10,"116":10,"117":5,"118":5,"119":5,"120":5,"121":3,"122":3,"123":2,"124":2,"125":5,"126":5,"127":5,"128":5,"129":5,"130":5,"131":5,"132":111,"133":10,"134":10,"135":10,"136":10,"137":10,"138":10,"139":10,"140":10,"141":111,"142":1,"143":111,"144":1,"145":1,"146":1,"147":1,"148":1,"149":1,"150":1,"151":1,"152":111,"153":1,"154":1,"155":1,"156":1,"157":111,"158":1},"f":{"0":111,"1":344,"2":27,"3":103,"4":27,"5":34,"6":91,"7":7,"8":4,"9":4,"10":4,"11":7,"12":3,"13":5,"14":5,"15":5,"16":10,"17":5,"18":5,"19":10,"20":1,"21":1,"22":1},"b":{"0":[68,43],"1":[33,1],"2":[34,34],"3":[18,15],"4":[16,2],"5":[18,17],"6":[12,3],"7":[6,6],"8":[1,2],"9":[1,1],"10":[4,3],"11":[1,2],"12":[4,1],"13":[5,5],"14":[3,2],"15":[6],"16":[68,43],"17":[111,5],"18":[111,5]},"_coverageSchema":"1a1c01bbd47fc00a2c39e90264f33305004495a9","hash":"9ad791f16ff472417d650923ef6c82d7126efb8d"}
,"C:\\Users\\awbri\\Desktop\\Waste of Intelligence\\React-Native\\tactics-trainer-remake\\components\\board.tsx": {"path":"C:\\Users\\awbri\\Desktop\\Waste of Intelligence\\React-Native\\tactics-trainer-remake\\components\\board.tsx","statementMap":{"0":{"start":{"line":33,"column":14},"end":{"line":179,"column":1}},"1":{"start":{"line":44,"column":40},"end":{"line":44,"column":58}},"2":{"start":{"line":45,"column":32},"end":{"line":45,"column":55}},"3":{"start":{"line":46,"column":16},"end":{"line":46,"column":43}},"4":{"start":{"line":47,"column":18},"end":{"line":67,"column":42}},"5":{"start":{"line":48,"column":13},"end":{"line":48,"column":14}},"6":{"start":{"line":49,"column":11},"end":{"line":49,"column":12}},"7":{"start":{"line":50,"column":11},"end":{"line":50,"column":12}},"8":{"start":{"line":51,"column":11},"end":{"line":51,"column":12}},"9":{"start":{"line":52,"column":4},"end":{"line":52,"column":59}},"10":{"start":{"line":52,"column":35},"end":{"line":52,"column":59}},"11":{"start":{"line":53,"column":23},"end":{"line":53,"column":31}},"12":{"start":{"line":54,"column":19},"end":{"line":54,"column":34}},"13":{"start":{"line":55,"column":4},"end":{"line":65,"column":5}},"14":{"start":{"line":56,"column":6},"end":{"line":56,"column":60}},"15":{"start":{"line":57,"column":6},"end":{"line":57,"column":58}},"16":{"start":{"line":58,"column":6},"end":{"line":58,"column":49}},"17":{"start":{"line":59,"column":6},"end":{"line":59,"column":47}},"18":{"start":{"line":61,"column":6},"end":{"line":61,"column":61}},"19":{"start":{"line":62,"column":6},"end":{"line":62,"column":59}},"20":{"start":{"line":63,"column":6},"end":{"line":63,"column":49}},"21":{"start":{"line":64,"column":6},"end":{"line":64,"column":47}},"22":{"start":{"line":66,"column":4},"end":{"line":66,"column":28}},"23":{"start":{"line":69,"column":2},"end":{"line":178,"column":4}},"24":{"start":{"line":72,"column":8},"end":{"line":140,"column":10}},"25":{"start":{"line":76,"column":16},"end":{"line":78,"column":73}},"26":{"start":{"line":80,"column":14},"end":{"line":137,"column":16}},"27":{"start":{"line":84,"column":34},"end":{"line":84,"column":49}},"28":{"start":{"line":89,"column":44},"end":{"line":89,"column":64}},"29":{"start":{"line":90,"column":20},"end":{"line":90,"column":60}},"30":{"start":{"line":90,"column":38},"end":{"line":90,"column":60}},"31":{"start":{"line":183,"column":19},"end":{"line":247,"column":2}}},"fnMap":{"0":{"name":"(anonymous_0)","decl":{"start":{"line":33,"column":14},"end":{"line":33,"column":15}},"loc":{"start":{"line":41,"column":13},"end":{"line":179,"column":1}},"line":41},"1":{"name":"(anonymous_1)","decl":{"start":{"line":47,"column":26},"end":{"line":47,"column":27}},"loc":{"start":{"line":47,"column":32},"end":{"line":67,"column":3}},"line":47},"2":{"name":"(anonymous_2)","decl":{"start":{"line":71,"column":24},"end":{"line":71,"column":25}},"loc":{"start":{"line":71,"column":36},"end":{"line":141,"column":7}},"line":71},"3":{"name":"(anonymous_3)","decl":{"start":{"line":74,"column":21},"end":{"line":74,"column":22}},"loc":{"start":{"line":74,"column":36},"end":{"line":138,"column":13}},"line":74},"4":{"name":"(anonymous_4)","decl":{"start":{"line":84,"column":27},"end":{"line":84,"column":28}},"loc":{"start":{"line":84,"column":34},"end":{"line":84,"column":49}},"line":84},"5":{"name":"(anonymous_5)","decl":{"start":{"line":88,"column":28},"end":{"line":88,"column":29}},"loc":{"start":{"line":88,"column":35},"end":{"line":91,"column":19}},"line":88}},"branchMap":{"0":{"loc":{"start":{"line":52,"column":4},"end":{"line":52,"column":59}},"type":"if","locations":[{"start":{"line":52,"column":4},"end":{"line":52,"column":59}},{"start":{},"end":{}}],"line":52},"1":{"loc":{"start":{"line":52,"column":8},"end":{"line":52,"column":33}},"type":"binary-expr","locations":[{"start":{"line":52,"column":8},"end":{"line":52,"column":20}},{"start":{"line":52,"column":24},"end":{"line":52,"column":33}}],"line":52},"2":{"loc":{"start":{"line":55,"column":4},"end":{"line":65,"column":5}},"type":"if","locations":[{"start":{"line":55,"column":4},"end":{"line":65,"column":5}},{"start":{"line":60,"column":11},"end":{"line":65,"column":5}}],"line":55},"3":{"loc":{"start":{"line":76,"column":16},"end":{"line":78,"column":73}},"type":"cond-expr","locations":[{"start":{"line":77,"column":21},"end":{"line":77,"column":71}},{"start":{"line":78,"column":21},"end":{"line":78,"column":72}}],"line":76},"4":{"loc":{"start":{"line":90,"column":20},"end":{"line":90,"column":60}},"type":"if","locations":[{"start":{"line":90,"column":20},"end":{"line":90,"column":60}},{"start":{},"end":{}}],"line":90},"5":{"loc":{"start":{"line":95,"column":22},"end":{"line":97,"column":47}},"type":"cond-expr","locations":[{"start":{"line":96,"column":26},"end":{"line":96,"column":48}},{"start":{"line":97,"column":26},"end":{"line":97,"column":47}}],"line":95},"6":{"loc":{"start":{"line":102,"column":21},"end":{"line":106,"column":21}},"type":"binary-expr","locations":[{"start":{"line":102,"column":21},"end":{"line":102,"column":28}},{"start":{"line":103,"column":22},"end":{"line":105,"column":29}}],"line":102},"7":{"loc":{"start":{"line":108,"column":21},"end":{"line":112,"column":21}},"type":"binary-expr","locations":[{"start":{"line":108,"column":21},"end":{"line":108,"column":28}},{"start":{"line":109,"column":22},"end":{"line":111,"column":29}}],"line":108},"8":{"loc":{"start":{"line":114,"column":21},"end":{"line":119,"column":21}},"type":"binary-expr","locations":[{"start":{"line":114,"column":22},"end":{"line":114,"column":43}},{"start":{"line":114,"column":47},"end":{"line":114,"column":58}},{"start":{"line":115,"column":22},"end":{"line":118,"column":30}}],"line":114},"9":{"loc":{"start":{"line":121,"column":21},"end":{"line":126,"column":21}},"type":"binary-expr","locations":[{"start":{"line":121,"column":21},"end":{"line":121,"column":39}},{"start":{"line":122,"column":22},"end":{"line":125,"column":30}}],"line":121},"10":{"loc":{"start":{"line":128,"column":21},"end":{"line":134,"column":21}},"type":"binary-expr","locations":[{"start":{"line":128,"column":21},"end":{"line":128,"column":27}},{"start":{"line":129,"column":22},"end":{"line":133,"column":24}}],"line":128},"11":{"loc":{"start":{"line":156,"column":9},"end":{"line":175,"column":9}},"type":"binary-expr","locations":[{"start":{"line":156,"column":9},"end":{"line":156,"column":17}},{"start":{"line":157,"column":10},"end":{"line":164,"column":12}}],"line":156}},"s":{"0":2,"1":132,"2":132,"3":132,"4":132,"5":78,"6":78,"7":78,"8":78,"9":78,"10":75,"11":3,"12":3,"13":3,"14":1,"15":1,"16":1,"17":1,"18":2,"19":2,"20":2,"21":2,"22":3,"23":132,"24":1056,"25":8448,"26":8448,"27":35,"28":4,"29":4,"30":3,"31":2},"f":{"0":132,"1":78,"2":1056,"3":8448,"4":35,"5":4},"b":{"0":[75,3],"1":[78,3],"2":[1,2],"3":[5376,3072],"4":[3,1],"5":[4224,4224],"6":[8448,1056],"7":[8448,1056],"8":[8448,8424,29],"9":[8448,88],"10":[8448,3071],"11":[132,23]},"_coverageSchema":"1a1c01bbd47fc00a2c39e90264f33305004495a9","hash":"7071c85adc7aa7691c56665e9e4d51aa314e712b"}
,"C:\\Users\\awbri\\Desktop\\Waste of Intelligence\\React-Native\\tactics-trainer-remake\\components\\controls.tsx": {"path":"C:\\Users\\awbri\\Desktop\\Waste of Intelligence\\React-Native\\tactics-trainer-remake\\components\\controls.tsx","statementMap":{"0":{"start":{"line":16,"column":17},"end":{"line":77,"column":3}},"1":{"start":{"line":26,"column":2},"end":{"line":77,"column":3}},"2":{"start":{"line":29,"column":28},"end":{"line":29,"column":84}},"3":{"start":{"line":38,"column":28},"end":{"line":38,"column":84}},"4":{"start":{"line":81,"column":21},"end":{"line":114,"column":2}}},"fnMap":{"0":{"name":"(anonymous_0)","decl":{"start":{"line":16,"column":17},"end":{"line":16,"column":18}},"loc":{"start":{"line":26,"column":2},"end":{"line":77,"column":3}},"line":26},"1":{"name":"(anonymous_1)","decl":{"start":{"line":29,"column":15},"end":{"line":29,"column":16}},"loc":{"start":{"line":29,"column":28},"end":{"line":29,"column":84}},"line":29},"2":{"name":"(anonymous_2)","decl":{"start":{"line":38,"column":15},"end":{"line":38,"column":16}},"loc":{"start":{"line":38,"column":28},"end":{"line":38,"column":84}},"line":38}},"branchMap":{"0":{"loc":{"start":{"line":26,"column":2},"end":{"line":77,"column":3}},"type":"cond-expr","locations":[{"start":{"line":27,"column":4},"end":{"line":46,"column":11}},{"start":{"line":47,"column":6},"end":{"line":77,"column":3}}],"line":26},"1":{"loc":{"start":{"line":29,"column":66},"end":{"line":29,"column":82}},"type":"cond-expr","locations":[{"start":{"line":29,"column":76},"end":{"line":29,"column":79}},{"start":{"line":29,"column":81},"end":{"line":29,"column":82}}],"line":29},"2":{"loc":{"start":{"line":38,"column":66},"end":{"line":38,"column":82}},"type":"cond-expr","locations":[{"start":{"line":38,"column":76},"end":{"line":38,"column":79}},{"start":{"line":38,"column":81},"end":{"line":38,"column":82}}],"line":38},"3":{"loc":{"start":{"line":47,"column":6},"end":{"line":77,"column":3}},"type":"cond-expr","locations":[{"start":{"line":48,"column":4},"end":{"line":74,"column":11}},{"start":{"line":76,"column":4},"end":{"line":76,"column":32}}],"line":47}},"s":{"0":2,"1":117,"2":96,"3":84,"4":2},"f":{"0":117,"1":96,"2":84},"b":{"0":[81,36],"1":[14,82],"2":[2,82],"3":[34,2]},"_coverageSchema":"1a1c01bbd47fc00a2c39e90264f33305004495a9","hash":"580033b7923bf7f3f4f03f0bc42c82ee53ce0d50"}
,"C:\\Users\\awbri\\Desktop\\Waste of Intelligence\\React-Native\\tactics-trainer-remake\\components\\promote.tsx": {"path":"C:\\Users\\awbri\\Desktop\\Waste of Intelligence\\React-Native\\tactics-trainer-remake\\components\\promote.tsx","statementMap":{"0":{"start":{"line":17,"column":16},"end":{"line":51,"column":1}},"1":{"start":{"line":18,"column":2},"end":{"line":50,"column":9}},"2":{"start":{"line":22,"column":21},"end":{"line":22,"column":53}},"3":{"start":{"line":29,"column":21},"end":{"line":29,"column":53}},"4":{"start":{"line":36,"column":21},"end":{"line":36,"column":53}},"5":{"start":{"line":43,"column":21},"end":{"line":43,"column":53}},"6":{"start":{"line":53,"column":15},"end":{"line":71,"column":2}}},"fnMap":{"0":{"name":"(anonymous_0)","decl":{"start":{"line":17,"column":16},"end":{"line":17,"column":17}},"loc":{"start":{"line":18,"column":2},"end":{"line":50,"column":9}},"line":18},"1":{"name":"(anonymous_1)","decl":{"start":{"line":22,"column":15},"end":{"line":22,"column":16}},"loc":{"start":{"line":22,"column":21},"end":{"line":22,"column":53}},"line":22},"2":{"name":"(anonymous_2)","decl":{"start":{"line":29,"column":15},"end":{"line":29,"column":16}},"loc":{"start":{"line":29,"column":21},"end":{"line":29,"column":53}},"line":29},"3":{"name":"(anonymous_3)","decl":{"start":{"line":36,"column":15},"end":{"line":36,"column":16}},"loc":{"start":{"line":36,"column":21},"end":{"line":36,"column":53}},"line":36},"4":{"name":"(anonymous_4)","decl":{"start":{"line":43,"column":15},"end":{"line":43,"column":16}},"loc":{"start":{"line":43,"column":21},"end":{"line":43,"column":53}},"line":43}},"branchMap":{},"s":{"0":2,"1":12,"2":2,"3":2,"4":2,"5":2,"6":2},"f":{"0":12,"1":2,"2":2,"3":2,"4":2},"b":{},"_coverageSchema":"1a1c01bbd47fc00a2c39e90264f33305004495a9","hash":"735cc741c01b03aa0ee6f020a9583dad26c23e29"}
,"C:\\Users\\awbri\\Desktop\\Waste of Intelligence\\React-Native\\tactics-trainer-remake\\helpers\\chooseImage.ts": {"path":"C:\\Users\\awbri\\Desktop\\Waste of Intelligence\\React-Native\\tactics-trainer-remake\\helpers\\chooseImage.ts","statementMap":{"0":{"start":{"line":4,"column":27},"end":{"line":39,"column":1}},"1":{"start":{"line":8,"column":2},"end":{"line":38,"column":3}},"2":{"start":{"line":9,"column":4},"end":{"line":22,"column":5}},"3":{"start":{"line":11,"column":8},"end":{"line":11,"column":50}},"4":{"start":{"line":13,"column":8},"end":{"line":13,"column":51}},"5":{"start":{"line":15,"column":8},"end":{"line":15,"column":52}},"6":{"start":{"line":17,"column":8},"end":{"line":17,"column":52}},"7":{"start":{"line":19,"column":8},"end":{"line":19,"column":50}},"8":{"start":{"line":21,"column":8},"end":{"line":21,"column":50}},"9":{"start":{"line":24,"column":4},"end":{"line":37,"column":5}},"10":{"start":{"line":26,"column":8},"end":{"line":26,"column":50}},"11":{"start":{"line":28,"column":8},"end":{"line":28,"column":51}},"12":{"start":{"line":30,"column":8},"end":{"line":30,"column":52}},"13":{"start":{"line":32,"column":8},"end":{"line":32,"column":52}},"14":{"start":{"line":34,"column":8},"end":{"line":34,"column":50}},"15":{"start":{"line":36,"column":8},"end":{"line":36,"column":50}}},"fnMap":{"0":{"name":"(anonymous_0)","decl":{"start":{"line":4,"column":27},"end":{"line":4,"column":28}},"loc":{"start":{"line":7,"column":26},"end":{"line":39,"column":1}},"line":7}},"branchMap":{"0":{"loc":{"start":{"line":8,"column":2},"end":{"line":38,"column":3}},"type":"if","locations":[{"start":{"line":8,"column":2},"end":{"line":38,"column":3}},{"start":{"line":23,"column":9},"end":{"line":38,"column":3}}],"line":8},"1":{"loc":{"start":{"line":9,"column":4},"end":{"line":22,"column":5}},"type":"switch","locations":[{"start":{"line":10,"column":6},"end":{"line":11,"column":50}},{"start":{"line":12,"column":6},"end":{"line":13,"column":51}},{"start":{"line":14,"column":6},"end":{"line":15,"column":52}},{"start":{"line":16,"column":6},"end":{"line":17,"column":52}},{"start":{"line":18,"column":6},"end":{"line":19,"column":50}},{"start":{"line":20,"column":6},"end":{"line":21,"column":50}}],"line":9},"2":{"loc":{"start":{"line":24,"column":4},"end":{"line":37,"column":5}},"type":"switch","locations":[{"start":{"line":25,"column":6},"end":{"line":26,"column":50}},{"start":{"line":27,"column":6},"end":{"line":28,"column":51}},{"start":{"line":29,"column":6},"end":{"line":30,"column":52}},{"start":{"line":31,"column":6},"end":{"line":32,"column":52}},{"start":{"line":33,"column":6},"end":{"line":34,"column":50}},{"start":{"line":35,"column":6},"end":{"line":36,"column":50}}],"line":24}},"s":{"0":2,"1":3095,"2":1476,"3":132,"4":132,"5":96,"6":123,"7":204,"8":789,"9":1619,"10":132,"11":96,"12":160,"13":173,"14":203,"15":855},"f":{"0":3095},"b":{"0":[1476,1619],"1":[132,132,96,123,204,789],"2":[132,96,160,173,203,855]},"_coverageSchema":"1a1c01bbd47fc00a2c39e90264f33305004495a9","hash":"4c3c0a49a949e32edcb6981da52d16e678214c7d"}
,"C:\\Users\\awbri\\Desktop\\Waste of Intelligence\\React-Native\\tactics-trainer-remake\\images\\blackBishop.png": {"path":"C:\\Users\\awbri\\Desktop\\Waste of Intelligence\\React-Native\\tactics-trainer-remake\\images\\blackBishop.png","statementMap":{"0":{"start":{"line":1,"column":0},"end":{"line":1,"column":19}}},"fnMap":{},"branchMap":{},"s":{"0":2},"f":{},"b":{},"_coverageSchema":"1a1c01bbd47fc00a2c39e90264f33305004495a9","hash":"6650f643ea779dc5a53eda8017a45a0d657874a4"}
,"C:\\Users\\awbri\\Desktop\\Waste of Intelligence\\React-Native\\tactics-trainer-remake\\images\\blackKing.png": {"path":"C:\\Users\\awbri\\Desktop\\Waste of Intelligence\\React-Native\\tactics-trainer-remake\\images\\blackKing.png","statementMap":{"0":{"start":{"line":1,"column":0},"end":{"line":1,"column":19}}},"fnMap":{},"branchMap":{},"s":{"0":2},"f":{},"b":{},"_coverageSchema":"1a1c01bbd47fc00a2c39e90264f33305004495a9","hash":"3a7d8aa51ddbf697be1552c8b0e7b13bb9157fac"}
,"C:\\Users\\awbri\\Desktop\\Waste of Intelligence\\React-Native\\tactics-trainer-remake\\images\\blackKnight.png": {"path":"C:\\Users\\awbri\\Desktop\\Waste of Intelligence\\React-Native\\tactics-trainer-remake\\images\\blackKnight.png","statementMap":{"0":{"start":{"line":1,"column":0},"end":{"line":1,"column":19}}},"fnMap":{},"branchMap":{},"s":{"0":2},"f":{},"b":{},"_coverageSchema":"1a1c01bbd47fc00a2c39e90264f33305004495a9","hash":"9dbb827af8a3b4b5980b0e0c5b39a69ea9f3fb91"}
,"C:\\Users\\awbri\\Desktop\\Waste of Intelligence\\React-Native\\tactics-trainer-remake\\images\\blackPawn.png": {"path":"C:\\Users\\awbri\\Desktop\\Waste of Intelligence\\React-Native\\tactics-trainer-remake\\images\\blackPawn.png","statementMap":{"0":{"start":{"line":1,"column":0},"end":{"line":1,"column":19}}},"fnMap":{},"branchMap":{},"s":{"0":2},"f":{},"b":{},"_coverageSchema":"1a1c01bbd47fc00a2c39e90264f33305004495a9","hash":"2122f3b580ffe89390ea33ee16edd153ea7c87f9"}
,"C:\\Users\\awbri\\Desktop\\Waste of Intelligence\\React-Native\\tactics-trainer-remake\\images\\blackQueen.png": {"path":"C:\\Users\\awbri\\Desktop\\Waste of Intelligence\\React-Native\\tactics-trainer-remake\\images\\blackQueen.png","statementMap":{"0":{"start":{"line":1,"column":0},"end":{"line":1,"column":19}}},"fnMap":{},"branchMap":{},"s":{"0":2},"f":{},"b":{},"_coverageSchema":"1a1c01bbd47fc00a2c39e90264f33305004495a9","hash":"8a88852f6f96c6b7da3baf70f44190e5bc71c10b"}
,"C:\\Users\\awbri\\Desktop\\Waste of Intelligence\\React-Native\\tactics-trainer-remake\\images\\blackRook.png": {"path":"C:\\Users\\awbri\\Desktop\\Waste of Intelligence\\React-Native\\tactics-trainer-remake\\images\\blackRook.png","statementMap":{"0":{"start":{"line":1,"column":0},"end":{"line":1,"column":19}}},"fnMap":{},"branchMap":{},"s":{"0":2},"f":{},"b":{},"_coverageSchema":"1a1c01bbd47fc00a2c39e90264f33305004495a9","hash":"917f7894537568e6743108b0d1ef7057364f8b9a"}
,"C:\\Users\\awbri\\Desktop\\Waste of Intelligence\\React-Native\\tactics-trainer-remake\\images\\whiteBishop.png": {"path":"C:\\Users\\awbri\\Desktop\\Waste of Intelligence\\React-Native\\tactics-trainer-remake\\images\\whiteBishop.png","statementMap":{"0":{"start":{"line":1,"column":0},"end":{"line":1,"column":19}}},"fnMap":{},"branchMap":{},"s":{"0":2},"f":{},"b":{},"_coverageSchema":"1a1c01bbd47fc00a2c39e90264f33305004495a9","hash":"cfe5c64739fd2a2d6c2adad4ab1ac08d7809ce18"}
,"C:\\Users\\awbri\\Desktop\\Waste of Intelligence\\React-Native\\tactics-trainer-remake\\images\\whiteKing.png": {"path":"C:\\Users\\awbri\\Desktop\\Waste of Intelligence\\React-Native\\tactics-trainer-remake\\images\\whiteKing.png","statementMap":{"0":{"start":{"line":1,"column":0},"end":{"line":1,"column":19}}},"fnMap":{},"branchMap":{},"s":{"0":2},"f":{},"b":{},"_coverageSchema":"1a1c01bbd47fc00a2c39e90264f33305004495a9","hash":"52e661043110388d847b19f90ede505586ee7358"}
,"C:\\Users\\awbri\\Desktop\\Waste of Intelligence\\React-Native\\tactics-trainer-remake\\images\\whiteKnight.png": {"path":"C:\\Users\\awbri\\Desktop\\Waste of Intelligence\\React-Native\\tactics-trainer-remake\\images\\whiteKnight.png","statementMap":{"0":{"start":{"line":1,"column":0},"end":{"line":1,"column":19}}},"fnMap":{},"branchMap":{},"s":{"0":2},"f":{},"b":{},"_coverageSchema":"1a1c01bbd47fc00a2c39e90264f33305004495a9","hash":"83302955b8829bda723b5e988760daa00fc5b675"}
,"C:\\Users\\awbri\\Desktop\\Waste of Intelligence\\React-Native\\tactics-trainer-remake\\images\\whitePawn.png": {"path":"C:\\Users\\awbri\\Desktop\\Waste of Intelligence\\React-Native\\tactics-trainer-remake\\images\\whitePawn.png","statementMap":{"0":{"start":{"line":1,"column":0},"end":{"line":1,"column":19}}},"fnMap":{},"branchMap":{},"s":{"0":2},"f":{},"b":{},"_coverageSchema":"1a1c01bbd47fc00a2c39e90264f33305004495a9","hash":"04bc07f3d84fd98bdcc19861e8e8b9fc2abe1b14"}
,"C:\\Users\\awbri\\Desktop\\Waste of Intelligence\\React-Native\\tactics-trainer-remake\\images\\whiteQueen.png": {"path":"C:\\Users\\awbri\\Desktop\\Waste of Intelligence\\React-Native\\tactics-trainer-remake\\images\\whiteQueen.png","statementMap":{"0":{"start":{"line":1,"column":0},"end":{"line":1,"column":19}}},"fnMap":{},"branchMap":{},"s":{"0":2},"f":{},"b":{},"_coverageSchema":"1a1c01bbd47fc00a2c39e90264f33305004495a9","hash":"0d1c94e7eadd82263d96f45fb4d62b202ef0058d"}
,"C:\\Users\\awbri\\Desktop\\Waste of Intelligence\\React-Native\\tactics-trainer-remake\\images\\whiteRook.png": {"path":"C:\\Users\\awbri\\Desktop\\Waste of Intelligence\\React-Native\\tactics-trainer-remake\\images\\whiteRook.png","statementMap":{"0":{"start":{"line":1,"column":0},"end":{"line":1,"column":19}}},"fnMap":{},"branchMap":{},"s":{"0":2},"f":{},"b":{},"_coverageSchema":"1a1c01bbd47fc00a2c39e90264f33305004495a9","hash":"0f355a7b62da2f8939cf1b849f69280af0c175f8"}
}
