{"C:\\Users\\awbri\\Desktop\\Waste of Intelligence\\React-Native\\tactics-trainer-remake\\App.tsx": {"path":"C:\\Users\\awbri\\Desktop\\Waste of Intelligence\\React-Native\\tactics-trainer-remake\\App.tsx","statementMap":{"0":{"start":{"line":16,"column":0},"end":{"line":16,"column":36}},"1":{"start":{"line":18,"column":12},"end":{"line":335,"column":1}},"2":{"start":{"line":19,"column":16},"end":{"line":19,"column":43}},"3":{"start":{"line":20,"column":22},"end":{"line":20,"column":40}},"4":{"start":{"line":21,"column":24},"end":{"line":21,"column":65}},"5":{"start":{"line":22,"column":46},"end":{"line":22,"column":76}},"6":{"start":{"line":23,"column":50},"end":{"line":25,"column":3}},"7":{"start":{"line":26,"column":40},"end":{"line":26,"column":60}},"8":{"start":{"line":27,"column":39},"end":{"line":27,"column":75}},"9":{"start":{"line":28,"column":34},"end":{"line":28,"column":56}},"10":{"start":{"line":29,"column":48},"end":{"line":29,"column":72}},"11":{"start":{"line":30,"column":43},"end":{"line":30,"column":67}},"12":{"start":{"line":31,"column":36},"end":{"line":31,"column":60}},"13":{"start":{"line":32,"column":34},"end":{"line":34,"column":3}},"14":{"start":{"line":35,"column":26},"end":{"line":35,"column":55}},"15":{"start":{"line":36,"column":44},"end":{"line":36,"column":67}},"16":{"start":{"line":37,"column":28},"end":{"line":37,"column":52}},"17":{"start":{"line":38,"column":21},"end":{"line":38,"column":43}},"18":{"start":{"line":39,"column":19},"end":{"line":39,"column":37}},"19":{"start":{"line":40,"column":20},"end":{"line":40,"column":45}},"20":{"start":{"line":42,"column":4},"end":{"line":47,"column":34}},"21":{"start":{"line":47,"column":22},"end":{"line":47,"column":33}},"22":{"start":{"line":48,"column":21},"end":{"line":71,"column":3}},"23":{"start":{"line":50,"column":19},"end":{"line":50,"column":61}},"24":{"start":{"line":51,"column":19},"end":{"line":51,"column":34}},"25":{"start":{"line":54,"column":27},"end":{"line":54,"column":66}},"26":{"start":{"line":54,"column":49},"end":{"line":54,"column":55}},"27":{"start":{"line":55,"column":4},"end":{"line":55,"column":66}},"28":{"start":{"line":56,"column":4},"end":{"line":56,"column":54}},"29":{"start":{"line":58,"column":4},"end":{"line":58,"column":27}},"30":{"start":{"line":59,"column":4},"end":{"line":59,"column":30}},"31":{"start":{"line":60,"column":4},"end":{"line":60,"column":30}},"32":{"start":{"line":61,"column":4},"end":{"line":61,"column":74}},"33":{"start":{"line":62,"column":4},"end":{"line":62,"column":33}},"34":{"start":{"line":63,"column":4},"end":{"line":63,"column":20}},"35":{"start":{"line":64,"column":4},"end":{"line":64,"column":35}},"36":{"start":{"line":65,"column":4},"end":{"line":65,"column":33}},"37":{"start":{"line":66,"column":4},"end":{"line":66,"column":23}},"38":{"start":{"line":67,"column":4},"end":{"line":67,"column":18}},"39":{"start":{"line":68,"column":4},"end":{"line":68,"column":27}},"40":{"start":{"line":69,"column":4},"end":{"line":69,"column":22}},"41":{"start":{"line":70,"column":4},"end":{"line":70,"column":27}},"42":{"start":{"line":72,"column":2},"end":{"line":74,"column":9}},"43":{"start":{"line":73,"column":4},"end":{"line":73,"column":76}},"44":{"start":{"line":76,"column":2},"end":{"line":83,"column":12}},"45":{"start":{"line":77,"column":22},"end":{"line":79,"column":5}},"46":{"start":{"line":78,"column":6},"end":{"line":78,"column":36}},"47":{"start":{"line":80,"column":4},"end":{"line":82,"column":5}},"48":{"start":{"line":81,"column":6},"end":{"line":81,"column":17}},"49":{"start":{"line":85,"column":2},"end":{"line":87,"column":9}},"50":{"start":{"line":86,"column":4},"end":{"line":86,"column":17}},"51":{"start":{"line":90,"column":22},"end":{"line":140,"column":3}},"52":{"start":{"line":91,"column":4},"end":{"line":139,"column":5}},"53":{"start":{"line":92,"column":6},"end":{"line":138,"column":7}},"54":{"start":{"line":94,"column":30},"end":{"line":94,"column":51}},"55":{"start":{"line":96,"column":8},"end":{"line":105,"column":9}},"56":{"start":{"line":97,"column":10},"end":{"line":97,"column":40}},"57":{"start":{"line":98,"column":50},"end":{"line":103,"column":14}},"58":{"start":{"line":101,"column":27},"end":{"line":101,"column":28}},"59":{"start":{"line":102,"column":14},"end":{"line":102,"column":29}},"60":{"start":{"line":104,"column":10},"end":{"line":104,"column":54}},"61":{"start":{"line":108,"column":8},"end":{"line":137,"column":9}},"62":{"start":{"line":110,"column":27},"end":{"line":110,"column":59}},"63":{"start":{"line":111,"column":10},"end":{"line":116,"column":11}},"64":{"start":{"line":112,"column":12},"end":{"line":112,"column":31}},"65":{"start":{"line":113,"column":12},"end":{"line":113,"column":41}},"66":{"start":{"line":115,"column":12},"end":{"line":115,"column":50}},"67":{"start":{"line":117,"column":15},"end":{"line":137,"column":9}},"68":{"start":{"line":120,"column":10},"end":{"line":120,"column":39}},"69":{"start":{"line":121,"column":10},"end":{"line":121,"column":41}},"70":{"start":{"line":122,"column":15},"end":{"line":137,"column":9}},"71":{"start":{"line":125,"column":10},"end":{"line":125,"column":40}},"72":{"start":{"line":126,"column":50},"end":{"line":131,"column":14}},"73":{"start":{"line":129,"column":27},"end":{"line":129,"column":28}},"74":{"start":{"line":130,"column":14},"end":{"line":130,"column":29}},"75":{"start":{"line":132,"column":10},"end":{"line":132,"column":54}},"76":{"start":{"line":135,"column":10},"end":{"line":135,"column":39}},"77":{"start":{"line":136,"column":10},"end":{"line":136,"column":41}},"78":{"start":{"line":141,"column":23},"end":{"line":152,"column":3}},"79":{"start":{"line":142,"column":4},"end":{"line":142,"column":28}},"80":{"start":{"line":143,"column":4},"end":{"line":151,"column":13}},"81":{"start":{"line":144,"column":30},"end":{"line":144,"column":61}},"82":{"start":{"line":145,"column":6},"end":{"line":145,"column":32}},"83":{"start":{"line":146,"column":6},"end":{"line":146,"column":51}},"84":{"start":{"line":147,"column":6},"end":{"line":147,"column":25}},"85":{"start":{"line":148,"column":6},"end":{"line":148,"column":30}},"86":{"start":{"line":149,"column":6},"end":{"line":149,"column":44}},"87":{"start":{"line":149,"column":28},"end":{"line":149,"column":42}},"88":{"start":{"line":150,"column":6},"end":{"line":150,"column":29}},"89":{"start":{"line":153,"column":19},"end":{"line":178,"column":3}},"90":{"start":{"line":154,"column":4},"end":{"line":177,"column":5}},"91":{"start":{"line":156,"column":6},"end":{"line":156,"column":40}},"92":{"start":{"line":157,"column":6},"end":{"line":157,"column":35}},"93":{"start":{"line":158,"column":6},"end":{"line":158,"column":37}},"94":{"start":{"line":161,"column":23},"end":{"line":161,"column":46}},"95":{"start":{"line":162,"column":19},"end":{"line":162,"column":39}},"96":{"start":{"line":163,"column":6},"end":{"line":163,"column":49}},"97":{"start":{"line":163,"column":28},"end":{"line":163,"column":47}},"98":{"start":{"line":164,"column":6},"end":{"line":164,"column":50}},"99":{"start":{"line":165,"column":6},"end":{"line":165,"column":20}},"100":{"start":{"line":166,"column":6},"end":{"line":166,"column":35}},"101":{"start":{"line":167,"column":6},"end":{"line":167,"column":37}},"102":{"start":{"line":168,"column":6},"end":{"line":176,"column":7}},"103":{"start":{"line":170,"column":8},"end":{"line":170,"column":32}},"104":{"start":{"line":171,"column":8},"end":{"line":171,"column":30}},"105":{"start":{"line":174,"column":8},"end":{"line":174,"column":53}},"106":{"start":{"line":175,"column":8},"end":{"line":175,"column":23}},"107":{"start":{"line":179,"column":23},"end":{"line":197,"column":3}},"108":{"start":{"line":180,"column":4},"end":{"line":180,"column":29}},"109":{"start":{"line":181,"column":4},"end":{"line":181,"column":28}},"110":{"start":{"line":182,"column":4},"end":{"line":182,"column":18}},"111":{"start":{"line":183,"column":4},"end":{"line":183,"column":35}},"112":{"start":{"line":184,"column":4},"end":{"line":184,"column":27}},"113":{"start":{"line":185,"column":4},"end":{"line":196,"column":13}},"114":{"start":{"line":186,"column":23},"end":{"line":186,"column":46}},"115":{"start":{"line":187,"column":19},"end":{"line":187,"column":39}},"116":{"start":{"line":188,"column":6},"end":{"line":188,"column":49}},"117":{"start":{"line":188,"column":28},"end":{"line":188,"column":47}},"118":{"start":{"line":189,"column":6},"end":{"line":189,"column":50}},"119":{"start":{"line":190,"column":6},"end":{"line":195,"column":7}},"120":{"start":{"line":191,"column":8},"end":{"line":191,"column":53}},"121":{"start":{"line":192,"column":8},"end":{"line":192,"column":23}},"122":{"start":{"line":194,"column":8},"end":{"line":194,"column":34}},"123":{"start":{"line":198,"column":20},"end":{"line":225,"column":3}},"124":{"start":{"line":199,"column":21},"end":{"line":199,"column":44}},"125":{"start":{"line":200,"column":4},"end":{"line":224,"column":5}},"126":{"start":{"line":202,"column":6},"end":{"line":202,"column":40}},"127":{"start":{"line":203,"column":6},"end":{"line":203,"column":50}},"128":{"start":{"line":204,"column":6},"end":{"line":204,"column":20}},"129":{"start":{"line":205,"column":6},"end":{"line":213,"column":7}},"130":{"start":{"line":207,"column":8},"end":{"line":207,"column":32}},"131":{"start":{"line":208,"column":8},"end":{"line":208,"column":30}},"132":{"start":{"line":211,"column":8},"end":{"line":211,"column":53}},"133":{"start":{"line":212,"column":8},"end":{"line":212,"column":23}},"134":{"start":{"line":214,"column":6},"end":{"line":214,"column":30}},"135":{"start":{"line":215,"column":6},"end":{"line":215,"column":49}},"136":{"start":{"line":215,"column":28},"end":{"line":215,"column":47}},"137":{"start":{"line":219,"column":6},"end":{"line":223,"column":14}},"138":{"start":{"line":220,"column":8},"end":{"line":220,"column":40}},"139":{"start":{"line":221,"column":8},"end":{"line":221,"column":34}},"140":{"start":{"line":222,"column":8},"end":{"line":222,"column":32}},"141":{"start":{"line":226,"column":20},"end":{"line":239,"column":3}},"142":{"start":{"line":231,"column":4},"end":{"line":231,"column":38}},"143":{"start":{"line":232,"column":4},"end":{"line":232,"column":24}},"144":{"start":{"line":233,"column":17},"end":{"line":233,"column":67}},"145":{"start":{"line":234,"column":4},"end":{"line":234,"column":33}},"146":{"start":{"line":235,"column":4},"end":{"line":235,"column":35}},"147":{"start":{"line":236,"column":4},"end":{"line":236,"column":23}},"148":{"start":{"line":237,"column":4},"end":{"line":237,"column":31}},"149":{"start":{"line":238,"column":4},"end":{"line":238,"column":20}},"150":{"start":{"line":241,"column":19},"end":{"line":245,"column":3}},"151":{"start":{"line":242,"column":4},"end":{"line":244,"column":6}},"152":{"start":{"line":246,"column":16},"end":{"line":255,"column":3}},"153":{"start":{"line":247,"column":4},"end":{"line":247,"column":30}},"154":{"start":{"line":248,"column":4},"end":{"line":248,"column":54}},"155":{"start":{"line":249,"column":4},"end":{"line":249,"column":42}},"156":{"start":{"line":250,"column":4},"end":{"line":250,"column":27}},"157":{"start":{"line":251,"column":4},"end":{"line":251,"column":23}},"158":{"start":{"line":252,"column":4},"end":{"line":252,"column":20}},"159":{"start":{"line":253,"column":4},"end":{"line":253,"column":22}},"160":{"start":{"line":254,"column":4},"end":{"line":254,"column":27}},"161":{"start":{"line":256,"column":22},"end":{"line":261,"column":3}},"162":{"start":{"line":257,"column":4},"end":{"line":257,"column":24}},"163":{"start":{"line":258,"column":4},"end":{"line":258,"column":28}},"164":{"start":{"line":259,"column":4},"end":{"line":259,"column":35}},"165":{"start":{"line":260,"column":4},"end":{"line":260,"column":29}},"166":{"start":{"line":263,"column":2},"end":{"line":334,"column":4}},"167":{"start":{"line":264,"column":65},"end":{"line":264,"column":79}},"168":{"start":{"line":339,"column":18},"end":{"line":373,"column":2}}},"fnMap":{"0":{"name":"(anonymous_0)","decl":{"start":{"line":18,"column":12},"end":{"line":18,"column":13}},"loc":{"start":{"line":18,"column":18},"end":{"line":335,"column":1}},"line":18},"1":{"name":"(anonymous_1)","decl":{"start":{"line":47,"column":15},"end":{"line":47,"column":16}},"loc":{"start":{"line":47,"column":22},"end":{"line":47,"column":33}},"line":47},"2":{"name":"(anonymous_2)","decl":{"start":{"line":48,"column":21},"end":{"line":48,"column":22}},"loc":{"start":{"line":48,"column":33},"end":{"line":71,"column":3}},"line":48},"3":{"name":"(anonymous_3)","decl":{"start":{"line":54,"column":42},"end":{"line":54,"column":43}},"loc":{"start":{"line":54,"column":49},"end":{"line":54,"column":55}},"line":54},"4":{"name":"(anonymous_4)","decl":{"start":{"line":72,"column":12},"end":{"line":72,"column":13}},"loc":{"start":{"line":72,"column":18},"end":{"line":74,"column":3}},"line":72},"5":{"name":"(anonymous_5)","decl":{"start":{"line":76,"column":12},"end":{"line":76,"column":13}},"loc":{"start":{"line":76,"column":16},"end":{"line":83,"column":3}},"line":76},"6":{"name":"(anonymous_6)","decl":{"start":{"line":77,"column":22},"end":{"line":77,"column":23}},"loc":{"start":{"line":77,"column":32},"end":{"line":79,"column":5}},"line":77},"7":{"name":"(anonymous_7)","decl":{"start":{"line":85,"column":12},"end":{"line":85,"column":13}},"loc":{"start":{"line":85,"column":18},"end":{"line":87,"column":3}},"line":85},"8":{"name":"(anonymous_8)","decl":{"start":{"line":90,"column":22},"end":{"line":90,"column":23}},"loc":{"start":{"line":90,"column":46},"end":{"line":140,"column":3}},"line":90},"9":{"name":"(anonymous_9)","decl":{"start":{"line":100,"column":17},"end":{"line":100,"column":18}},"loc":{"start":{"line":100,"column":24},"end":{"line":103,"column":13}},"line":100},"10":{"name":"(anonymous_10)","decl":{"start":{"line":128,"column":17},"end":{"line":128,"column":18}},"loc":{"start":{"line":128,"column":24},"end":{"line":131,"column":13}},"line":128},"11":{"name":"(anonymous_11)","decl":{"start":{"line":141,"column":23},"end":{"line":141,"column":24}},"loc":{"start":{"line":141,"column":29},"end":{"line":152,"column":3}},"line":141},"12":{"name":"(anonymous_12)","decl":{"start":{"line":143,"column":15},"end":{"line":143,"column":16}},"loc":{"start":{"line":143,"column":21},"end":{"line":151,"column":5}},"line":143},"13":{"name":"(anonymous_13)","decl":{"start":{"line":149,"column":18},"end":{"line":149,"column":19}},"loc":{"start":{"line":149,"column":28},"end":{"line":149,"column":42}},"line":149},"14":{"name":"(anonymous_14)","decl":{"start":{"line":153,"column":19},"end":{"line":153,"column":20}},"loc":{"start":{"line":153,"column":25},"end":{"line":178,"column":3}},"line":153},"15":{"name":"(anonymous_15)","decl":{"start":{"line":163,"column":18},"end":{"line":163,"column":19}},"loc":{"start":{"line":163,"column":28},"end":{"line":163,"column":47}},"line":163},"16":{"name":"(anonymous_16)","decl":{"start":{"line":179,"column":23},"end":{"line":179,"column":24}},"loc":{"start":{"line":179,"column":29},"end":{"line":197,"column":3}},"line":179},"17":{"name":"(anonymous_17)","decl":{"start":{"line":185,"column":15},"end":{"line":185,"column":16}},"loc":{"start":{"line":185,"column":21},"end":{"line":196,"column":5}},"line":185},"18":{"name":"(anonymous_18)","decl":{"start":{"line":188,"column":18},"end":{"line":188,"column":19}},"loc":{"start":{"line":188,"column":28},"end":{"line":188,"column":47}},"line":188},"19":{"name":"(anonymous_19)","decl":{"start":{"line":198,"column":20},"end":{"line":198,"column":21}},"loc":{"start":{"line":198,"column":36},"end":{"line":225,"column":3}},"line":198},"20":{"name":"(anonymous_20)","decl":{"start":{"line":215,"column":18},"end":{"line":215,"column":19}},"loc":{"start":{"line":215,"column":28},"end":{"line":215,"column":47}},"line":215},"21":{"name":"(anonymous_21)","decl":{"start":{"line":219,"column":17},"end":{"line":219,"column":18}},"loc":{"start":{"line":219,"column":23},"end":{"line":223,"column":7}},"line":219},"22":{"name":"(anonymous_22)","decl":{"start":{"line":226,"column":20},"end":{"line":226,"column":21}},"loc":{"start":{"line":230,"column":7},"end":{"line":239,"column":3}},"line":230},"23":{"name":"(anonymous_23)","decl":{"start":{"line":241,"column":19},"end":{"line":241,"column":20}},"loc":{"start":{"line":241,"column":25},"end":{"line":245,"column":3}},"line":241},"24":{"name":"(anonymous_24)","decl":{"start":{"line":246,"column":16},"end":{"line":246,"column":17}},"loc":{"start":{"line":246,"column":22},"end":{"line":255,"column":3}},"line":246},"25":{"name":"(anonymous_25)","decl":{"start":{"line":256,"column":22},"end":{"line":256,"column":23}},"loc":{"start":{"line":256,"column":28},"end":{"line":261,"column":3}},"line":256},"26":{"name":"(anonymous_26)","decl":{"start":{"line":264,"column":61},"end":{"line":264,"column":62}},"loc":{"start":{"line":264,"column":65},"end":{"line":264,"column":79}},"line":264}},"branchMap":{"0":{"loc":{"start":{"line":42,"column":4},"end":{"line":47,"column":34}},"type":"cond-expr","locations":[{"start":{"line":43,"column":8},"end":{"line":43,"column":21}},{"start":{"line":44,"column":8},"end":{"line":47,"column":34}}],"line":42},"1":{"loc":{"start":{"line":80,"column":4},"end":{"line":82,"column":5}},"type":"if","locations":[{"start":{"line":80,"column":4},"end":{"line":82,"column":5}},{"start":{},"end":{}}],"line":80},"2":{"loc":{"start":{"line":91,"column":4},"end":{"line":139,"column":5}},"type":"if","locations":[{"start":{"line":91,"column":4},"end":{"line":139,"column":5}},{"start":{},"end":{}}],"line":91},"3":{"loc":{"start":{"line":91,"column":8},"end":{"line":91,"column":42}},"type":"binary-expr","locations":[{"start":{"line":91,"column":8},"end":{"line":91,"column":26}},{"start":{"line":91,"column":30},"end":{"line":91,"column":42}}],"line":91},"4":{"loc":{"start":{"line":92,"column":6},"end":{"line":138,"column":7}},"type":"if","locations":[{"start":{"line":92,"column":6},"end":{"line":138,"column":7}},{"start":{"line":106,"column":13},"end":{"line":138,"column":7}}],"line":92},"5":{"loc":{"start":{"line":96,"column":8},"end":{"line":105,"column":9}},"type":"if","locations":[{"start":{"line":96,"column":8},"end":{"line":105,"column":9}},{"start":{},"end":{}}],"line":96},"6":{"loc":{"start":{"line":96,"column":12},"end":{"line":96,"column":64}},"type":"binary-expr","locations":[{"start":{"line":96,"column":12},"end":{"line":96,"column":25}},{"start":{"line":96,"column":29},"end":{"line":96,"column":64}}],"line":96},"7":{"loc":{"start":{"line":108,"column":8},"end":{"line":137,"column":9}},"type":"if","locations":[{"start":{"line":108,"column":8},"end":{"line":137,"column":9}},{"start":{"line":117,"column":15},"end":{"line":137,"column":9}}],"line":108},"8":{"loc":{"start":{"line":111,"column":10},"end":{"line":116,"column":11}},"type":"if","locations":[{"start":{"line":111,"column":10},"end":{"line":116,"column":11}},{"start":{"line":114,"column":17},"end":{"line":116,"column":11}}],"line":111},"9":{"loc":{"start":{"line":117,"column":15},"end":{"line":137,"column":9}},"type":"if","locations":[{"start":{"line":117,"column":15},"end":{"line":137,"column":9}},{"start":{"line":122,"column":15},"end":{"line":137,"column":9}}],"line":117},"10":{"loc":{"start":{"line":122,"column":15},"end":{"line":137,"column":9}},"type":"if","locations":[{"start":{"line":122,"column":15},"end":{"line":137,"column":9}},{"start":{"line":133,"column":15},"end":{"line":137,"column":9}}],"line":122},"11":{"loc":{"start":{"line":154,"column":4},"end":{"line":177,"column":5}},"type":"if","locations":[{"start":{"line":154,"column":4},"end":{"line":177,"column":5}},{"start":{"line":159,"column":11},"end":{"line":177,"column":5}}],"line":154},"12":{"loc":{"start":{"line":168,"column":6},"end":{"line":176,"column":7}},"type":"if","locations":[{"start":{"line":168,"column":6},"end":{"line":176,"column":7}},{"start":{"line":172,"column":13},"end":{"line":176,"column":7}}],"line":168},"13":{"loc":{"start":{"line":190,"column":6},"end":{"line":195,"column":7}},"type":"if","locations":[{"start":{"line":190,"column":6},"end":{"line":195,"column":7}},{"start":{"line":193,"column":13},"end":{"line":195,"column":7}}],"line":190},"14":{"loc":{"start":{"line":200,"column":4},"end":{"line":224,"column":5}},"type":"if","locations":[{"start":{"line":200,"column":4},"end":{"line":224,"column":5}},{"start":{"line":216,"column":11},"end":{"line":224,"column":5}}],"line":200},"15":{"loc":{"start":{"line":205,"column":6},"end":{"line":213,"column":7}},"type":"if","locations":[{"start":{"line":205,"column":6},"end":{"line":213,"column":7}},{"start":{"line":209,"column":13},"end":{"line":213,"column":7}}],"line":205},"16":{"loc":{"start":{"line":229,"column":4},"end":{"line":229,"column":42}},"type":"default-arg","locations":[{"start":{"line":229,"column":39},"end":{"line":229,"column":42}}],"line":229},"17":{"loc":{"start":{"line":284,"column":11},"end":{"line":284,"column":50}},"type":"cond-expr","locations":[{"start":{"line":284,"column":33},"end":{"line":284,"column":40}},{"start":{"line":284,"column":43},"end":{"line":284,"column":50}}],"line":284},"18":{"loc":{"start":{"line":286,"column":9},"end":{"line":288,"column":9}},"type":"binary-expr","locations":[{"start":{"line":286,"column":9},"end":{"line":286,"column":31}},{"start":{"line":287,"column":10},"end":{"line":287,"column":74}}],"line":286},"19":{"loc":{"start":{"line":289,"column":9},"end":{"line":291,"column":9}},"type":"binary-expr","locations":[{"start":{"line":289,"column":9},"end":{"line":289,"column":31}},{"start":{"line":290,"column":10},"end":{"line":290,"column":59}}],"line":289}},"s":{"0":1,"1":1,"2":2,"3":2,"4":2,"5":2,"6":2,"7":2,"8":2,"9":2,"10":2,"11":2,"12":2,"13":2,"14":2,"15":2,"16":2,"17":2,"18":2,"19":2,"20":2,"21":8,"22":2,"23":1,"24":1,"25":1,"26":5,"27":1,"28":1,"29":1,"30":1,"31":1,"32":1,"33":1,"34":1,"35":1,"36":1,"37":1,"38":1,"39":1,"40":1,"41":1,"42":2,"43":1,"44":2,"45":1,"46":0,"47":1,"48":0,"49":2,"50":1,"51":2,"52":0,"53":0,"54":0,"55":0,"56":0,"57":0,"58":0,"59":0,"60":0,"61":0,"62":0,"63":0,"64":0,"65":0,"66":0,"67":0,"68":0,"69":0,"70":0,"71":0,"72":0,"73":0,"74":0,"75":0,"76":0,"77":0,"78":2,"79":0,"80":0,"81":0,"82":0,"83":0,"84":0,"85":0,"86":0,"87":0,"88":0,"89":2,"90":0,"91":0,"92":0,"93":0,"94":0,"95":0,"96":0,"97":0,"98":0,"99":0,"100":0,"101":0,"102":0,"103":0,"104":0,"105":0,"106":0,"107":2,"108":0,"109":0,"110":0,"111":0,"112":0,"113":0,"114":0,"115":0,"116":0,"117":0,"118":0,"119":0,"120":0,"121":0,"122":0,"123":2,"124":0,"125":0,"126":0,"127":0,"128":0,"129":0,"130":0,"131":0,"132":0,"133":0,"134":0,"135":0,"136":0,"137":0,"138":0,"139":0,"140":0,"141":2,"142":0,"143":0,"144":0,"145":0,"146":0,"147":0,"148":0,"149":0,"150":2,"151":0,"152":2,"153":0,"154":0,"155":0,"156":0,"157":0,"158":0,"159":0,"160":0,"161":2,"162":0,"163":0,"164":0,"165":0,"166":2,"167":0,"168":1},"f":{"0":2,"1":8,"2":1,"3":5,"4":1,"5":1,"6":0,"7":1,"8":0,"9":0,"10":0,"11":0,"12":0,"13":0,"14":0,"15":0,"16":0,"17":0,"18":0,"19":0,"20":0,"21":0,"22":0,"23":0,"24":0,"25":0,"26":0},"b":{"0":[1,1],"1":[0,1],"2":[0,0],"3":[0,0],"4":[0,0],"5":[0,0],"6":[0,0],"7":[0,0],"8":[0,0],"9":[0,0],"10":[0,0],"11":[0,0],"12":[0,0],"13":[0,0],"14":[0,0],"15":[0,0],"16":[0],"17":[1,1],"18":[2,0],"19":[2,0]},"_coverageSchema":"1a1c01bbd47fc00a2c39e90264f33305004495a9","hash":"681d1ed0a860cd9e996998d10c27c87a5356992d"}
,"C:\\Users\\awbri\\Desktop\\Waste of Intelligence\\React-Native\\tactics-trainer-remake\\components\\board.tsx": {"path":"C:\\Users\\awbri\\Desktop\\Waste of Intelligence\\React-Native\\tactics-trainer-remake\\components\\board.tsx","statementMap":{"0":{"start":{"line":34,"column":14},"end":{"line":180,"column":1}},"1":{"start":{"line":45,"column":40},"end":{"line":45,"column":58}},"2":{"start":{"line":46,"column":32},"end":{"line":46,"column":55}},"3":{"start":{"line":47,"column":16},"end":{"line":47,"column":43}},"4":{"start":{"line":48,"column":18},"end":{"line":68,"column":42}},"5":{"start":{"line":49,"column":13},"end":{"line":49,"column":14}},"6":{"start":{"line":50,"column":11},"end":{"line":50,"column":12}},"7":{"start":{"line":51,"column":11},"end":{"line":51,"column":12}},"8":{"start":{"line":52,"column":11},"end":{"line":52,"column":12}},"9":{"start":{"line":53,"column":4},"end":{"line":53,"column":59}},"10":{"start":{"line":53,"column":35},"end":{"line":53,"column":59}},"11":{"start":{"line":54,"column":23},"end":{"line":54,"column":31}},"12":{"start":{"line":55,"column":19},"end":{"line":55,"column":34}},"13":{"start":{"line":56,"column":4},"end":{"line":66,"column":5}},"14":{"start":{"line":57,"column":6},"end":{"line":57,"column":60}},"15":{"start":{"line":58,"column":6},"end":{"line":58,"column":58}},"16":{"start":{"line":59,"column":6},"end":{"line":59,"column":49}},"17":{"start":{"line":60,"column":6},"end":{"line":60,"column":47}},"18":{"start":{"line":62,"column":6},"end":{"line":62,"column":61}},"19":{"start":{"line":63,"column":6},"end":{"line":63,"column":59}},"20":{"start":{"line":64,"column":6},"end":{"line":64,"column":49}},"21":{"start":{"line":65,"column":6},"end":{"line":65,"column":47}},"22":{"start":{"line":67,"column":4},"end":{"line":67,"column":28}},"23":{"start":{"line":70,"column":2},"end":{"line":179,"column":4}},"24":{"start":{"line":73,"column":8},"end":{"line":141,"column":10}},"25":{"start":{"line":77,"column":16},"end":{"line":79,"column":73}},"26":{"start":{"line":81,"column":14},"end":{"line":138,"column":16}},"27":{"start":{"line":85,"column":34},"end":{"line":85,"column":49}},"28":{"start":{"line":90,"column":44},"end":{"line":90,"column":64}},"29":{"start":{"line":91,"column":20},"end":{"line":91,"column":60}},"30":{"start":{"line":91,"column":38},"end":{"line":91,"column":60}},"31":{"start":{"line":184,"column":19},"end":{"line":248,"column":2}}},"fnMap":{"0":{"name":"(anonymous_0)","decl":{"start":{"line":34,"column":14},"end":{"line":34,"column":15}},"loc":{"start":{"line":42,"column":13},"end":{"line":180,"column":1}},"line":42},"1":{"name":"(anonymous_1)","decl":{"start":{"line":48,"column":26},"end":{"line":48,"column":27}},"loc":{"start":{"line":48,"column":32},"end":{"line":68,"column":3}},"line":48},"2":{"name":"(anonymous_2)","decl":{"start":{"line":72,"column":24},"end":{"line":72,"column":25}},"loc":{"start":{"line":72,"column":36},"end":{"line":142,"column":7}},"line":72},"3":{"name":"(anonymous_3)","decl":{"start":{"line":75,"column":21},"end":{"line":75,"column":22}},"loc":{"start":{"line":75,"column":36},"end":{"line":139,"column":13}},"line":75},"4":{"name":"(anonymous_4)","decl":{"start":{"line":85,"column":27},"end":{"line":85,"column":28}},"loc":{"start":{"line":85,"column":34},"end":{"line":85,"column":49}},"line":85},"5":{"name":"(anonymous_5)","decl":{"start":{"line":89,"column":28},"end":{"line":89,"column":29}},"loc":{"start":{"line":89,"column":35},"end":{"line":92,"column":19}},"line":89}},"branchMap":{"0":{"loc":{"start":{"line":53,"column":4},"end":{"line":53,"column":59}},"type":"if","locations":[{"start":{"line":53,"column":4},"end":{"line":53,"column":59}},{"start":{},"end":{}}],"line":53},"1":{"loc":{"start":{"line":53,"column":8},"end":{"line":53,"column":33}},"type":"binary-expr","locations":[{"start":{"line":53,"column":8},"end":{"line":53,"column":20}},{"start":{"line":53,"column":24},"end":{"line":53,"column":33}}],"line":53},"2":{"loc":{"start":{"line":56,"column":4},"end":{"line":66,"column":5}},"type":"if","locations":[{"start":{"line":56,"column":4},"end":{"line":66,"column":5}},{"start":{"line":61,"column":11},"end":{"line":66,"column":5}}],"line":56},"3":{"loc":{"start":{"line":77,"column":16},"end":{"line":79,"column":73}},"type":"cond-expr","locations":[{"start":{"line":78,"column":21},"end":{"line":78,"column":71}},{"start":{"line":79,"column":21},"end":{"line":79,"column":72}}],"line":77},"4":{"loc":{"start":{"line":91,"column":20},"end":{"line":91,"column":60}},"type":"if","locations":[{"start":{"line":91,"column":20},"end":{"line":91,"column":60}},{"start":{},"end":{}}],"line":91},"5":{"loc":{"start":{"line":96,"column":22},"end":{"line":98,"column":47}},"type":"cond-expr","locations":[{"start":{"line":97,"column":26},"end":{"line":97,"column":48}},{"start":{"line":98,"column":26},"end":{"line":98,"column":47}}],"line":96},"6":{"loc":{"start":{"line":103,"column":21},"end":{"line":107,"column":21}},"type":"binary-expr","locations":[{"start":{"line":103,"column":21},"end":{"line":103,"column":28}},{"start":{"line":104,"column":22},"end":{"line":106,"column":29}}],"line":103},"7":{"loc":{"start":{"line":109,"column":21},"end":{"line":113,"column":21}},"type":"binary-expr","locations":[{"start":{"line":109,"column":21},"end":{"line":109,"column":28}},{"start":{"line":110,"column":22},"end":{"line":112,"column":29}}],"line":109},"8":{"loc":{"start":{"line":115,"column":21},"end":{"line":120,"column":21}},"type":"binary-expr","locations":[{"start":{"line":115,"column":22},"end":{"line":115,"column":43}},{"start":{"line":115,"column":47},"end":{"line":115,"column":58}},{"start":{"line":116,"column":22},"end":{"line":119,"column":30}}],"line":115},"9":{"loc":{"start":{"line":122,"column":21},"end":{"line":127,"column":21}},"type":"binary-expr","locations":[{"start":{"line":122,"column":21},"end":{"line":122,"column":39}},{"start":{"line":123,"column":22},"end":{"line":126,"column":30}}],"line":122},"10":{"loc":{"start":{"line":129,"column":21},"end":{"line":135,"column":21}},"type":"binary-expr","locations":[{"start":{"line":129,"column":21},"end":{"line":129,"column":27}},{"start":{"line":130,"column":22},"end":{"line":134,"column":24}}],"line":129},"11":{"loc":{"start":{"line":157,"column":9},"end":{"line":176,"column":9}},"type":"binary-expr","locations":[{"start":{"line":157,"column":9},"end":{"line":157,"column":17}},{"start":{"line":158,"column":10},"end":{"line":165,"column":12}}],"line":157}},"s":{"0":2,"1":23,"2":23,"3":23,"4":23,"5":23,"6":23,"7":23,"8":23,"9":23,"10":20,"11":3,"12":3,"13":3,"14":1,"15":1,"16":1,"17":1,"18":2,"19":2,"20":2,"21":2,"22":3,"23":23,"24":184,"25":1472,"26":1472,"27":1,"28":4,"29":4,"30":3,"31":2},"f":{"0":23,"1":23,"2":184,"3":1472,"4":1,"5":4},"b":{"0":[20,3],"1":[23,3],"2":[1,2],"3":[1088,384],"4":[3,1],"5":[736,736],"6":[1472,184],"7":[1472,184],"8":[1472,1471,2],"9":[1472,2],"10":[1472,723],"11":[23,8]},"_coverageSchema":"1a1c01bbd47fc00a2c39e90264f33305004495a9","hash":"620c0e5c9dc5bf15086f8a9ace4c8c426d043761"}
,"C:\\Users\\awbri\\Desktop\\Waste of Intelligence\\React-Native\\tactics-trainer-remake\\components\\controls.tsx": {"path":"C:\\Users\\awbri\\Desktop\\Waste of Intelligence\\React-Native\\tactics-trainer-remake\\components\\controls.tsx","statementMap":{"0":{"start":{"line":16,"column":17},"end":{"line":77,"column":3}},"1":{"start":{"line":26,"column":2},"end":{"line":77,"column":3}},"2":{"start":{"line":81,"column":21},"end":{"line":114,"column":2}}},"fnMap":{"0":{"name":"(anonymous_0)","decl":{"start":{"line":16,"column":17},"end":{"line":16,"column":18}},"loc":{"start":{"line":26,"column":2},"end":{"line":77,"column":3}},"line":26}},"branchMap":{"0":{"loc":{"start":{"line":26,"column":2},"end":{"line":77,"column":3}},"type":"cond-expr","locations":[{"start":{"line":27,"column":4},"end":{"line":46,"column":11}},{"start":{"line":47,"column":6},"end":{"line":77,"column":3}}],"line":26},"1":{"loc":{"start":{"line":47,"column":6},"end":{"line":77,"column":3}},"type":"cond-expr","locations":[{"start":{"line":48,"column":4},"end":{"line":74,"column":11}},{"start":{"line":76,"column":4},"end":{"line":76,"column":32}}],"line":47}},"s":{"0":2,"1":8,"2":2},"f":{"0":8},"b":{"0":[4,4],"1":[3,1]},"_coverageSchema":"1a1c01bbd47fc00a2c39e90264f33305004495a9","hash":"a7cc69d34a69203ff2cb20cbcbd77280d1c79039"}
,"C:\\Users\\awbri\\Desktop\\Waste of Intelligence\\React-Native\\tactics-trainer-remake\\components\\promote.tsx": {"path":"C:\\Users\\awbri\\Desktop\\Waste of Intelligence\\React-Native\\tactics-trainer-remake\\components\\promote.tsx","statementMap":{"0":{"start":{"line":13,"column":16},"end":{"line":31,"column":1}},"1":{"start":{"line":14,"column":2},"end":{"line":30,"column":9}},"2":{"start":{"line":15,"column":51},"end":{"line":15,"column":83}},"3":{"start":{"line":18,"column":51},"end":{"line":18,"column":83}},"4":{"start":{"line":21,"column":51},"end":{"line":21,"column":83}},"5":{"start":{"line":24,"column":51},"end":{"line":24,"column":83}},"6":{"start":{"line":33,"column":15},"end":{"line":51,"column":2}}},"fnMap":{"0":{"name":"(anonymous_0)","decl":{"start":{"line":13,"column":16},"end":{"line":13,"column":17}},"loc":{"start":{"line":14,"column":2},"end":{"line":30,"column":9}},"line":14},"1":{"name":"(anonymous_1)","decl":{"start":{"line":15,"column":47},"end":{"line":15,"column":48}},"loc":{"start":{"line":15,"column":51},"end":{"line":15,"column":83}},"line":15},"2":{"name":"(anonymous_2)","decl":{"start":{"line":18,"column":47},"end":{"line":18,"column":48}},"loc":{"start":{"line":18,"column":51},"end":{"line":18,"column":83}},"line":18},"3":{"name":"(anonymous_3)","decl":{"start":{"line":21,"column":47},"end":{"line":21,"column":48}},"loc":{"start":{"line":21,"column":51},"end":{"line":21,"column":83}},"line":21},"4":{"name":"(anonymous_4)","decl":{"start":{"line":24,"column":47},"end":{"line":24,"column":48}},"loc":{"start":{"line":24,"column":51},"end":{"line":24,"column":83}},"line":24}},"branchMap":{},"s":{"0":1,"1":0,"2":0,"3":0,"4":0,"5":0,"6":1},"f":{"0":0,"1":0,"2":0,"3":0,"4":0},"b":{},"_coverageSchema":"1a1c01bbd47fc00a2c39e90264f33305004495a9","hash":"d0ce8f80703cb3cc586749c715819f1f2129ac7d"}
,"C:\\Users\\awbri\\Desktop\\Waste of Intelligence\\React-Native\\tactics-trainer-remake\\helpers\\chooseImage.ts": {"path":"C:\\Users\\awbri\\Desktop\\Waste of Intelligence\\React-Native\\tactics-trainer-remake\\helpers\\chooseImage.ts","statementMap":{"0":{"start":{"line":4,"column":27},"end":{"line":43,"column":1}},"1":{"start":{"line":8,"column":2},"end":{"line":42,"column":3}},"2":{"start":{"line":9,"column":4},"end":{"line":24,"column":5}},"3":{"start":{"line":11,"column":8},"end":{"line":11,"column":50}},"4":{"start":{"line":13,"column":8},"end":{"line":13,"column":51}},"5":{"start":{"line":15,"column":8},"end":{"line":15,"column":52}},"6":{"start":{"line":17,"column":8},"end":{"line":17,"column":52}},"7":{"start":{"line":19,"column":8},"end":{"line":19,"column":50}},"8":{"start":{"line":21,"column":8},"end":{"line":21,"column":50}},"9":{"start":{"line":23,"column":8},"end":{"line":23,"column":50}},"10":{"start":{"line":26,"column":4},"end":{"line":41,"column":5}},"11":{"start":{"line":28,"column":8},"end":{"line":28,"column":50}},"12":{"start":{"line":30,"column":8},"end":{"line":30,"column":51}},"13":{"start":{"line":32,"column":8},"end":{"line":32,"column":52}},"14":{"start":{"line":34,"column":8},"end":{"line":34,"column":52}},"15":{"start":{"line":36,"column":8},"end":{"line":36,"column":50}},"16":{"start":{"line":38,"column":8},"end":{"line":38,"column":50}},"17":{"start":{"line":40,"column":8},"end":{"line":40,"column":50}}},"fnMap":{"0":{"name":"(anonymous_0)","decl":{"start":{"line":4,"column":27},"end":{"line":4,"column":28}},"loc":{"start":{"line":7,"column":26},"end":{"line":43,"column":1}},"line":7}},"branchMap":{"0":{"loc":{"start":{"line":8,"column":2},"end":{"line":42,"column":3}},"type":"if","locations":[{"start":{"line":8,"column":2},"end":{"line":42,"column":3}},{"start":{"line":25,"column":9},"end":{"line":42,"column":3}}],"line":8},"1":{"loc":{"start":{"line":9,"column":4},"end":{"line":24,"column":5}},"type":"switch","locations":[{"start":{"line":10,"column":6},"end":{"line":11,"column":50}},{"start":{"line":12,"column":6},"end":{"line":13,"column":51}},{"start":{"line":14,"column":6},"end":{"line":15,"column":52}},{"start":{"line":16,"column":6},"end":{"line":17,"column":52}},{"start":{"line":18,"column":6},"end":{"line":19,"column":50}},{"start":{"line":20,"column":6},"end":{"line":21,"column":50}},{"start":{"line":22,"column":6},"end":{"line":23,"column":50}}],"line":9},"2":{"loc":{"start":{"line":26,"column":4},"end":{"line":41,"column":5}},"type":"switch","locations":[{"start":{"line":27,"column":6},"end":{"line":28,"column":50}},{"start":{"line":29,"column":6},"end":{"line":30,"column":51}},{"start":{"line":31,"column":6},"end":{"line":32,"column":52}},{"start":{"line":33,"column":6},"end":{"line":34,"column":52}},{"start":{"line":35,"column":6},"end":{"line":36,"column":50}},{"start":{"line":37,"column":6},"end":{"line":38,"column":50}},{"start":{"line":39,"column":6},"end":{"line":40,"column":50}}],"line":26}},"s":{"0":2,"1":723,"2":360,"3":23,"4":23,"5":44,"6":44,"7":46,"8":180,"9":0,"10":363,"11":23,"12":22,"13":45,"14":45,"15":46,"16":182,"17":0},"f":{"0":723},"b":{"0":[360,363],"1":[23,23,44,44,46,180,0],"2":[23,22,45,45,46,182,0]},"_coverageSchema":"1a1c01bbd47fc00a2c39e90264f33305004495a9","hash":"8098cb1b03c54a26e484a38714a5635b09dc9d0c"}
,"C:\\Users\\awbri\\Desktop\\Waste of Intelligence\\React-Native\\tactics-trainer-remake\\images\\blackBishop.png": {"path":"C:\\Users\\awbri\\Desktop\\Waste of Intelligence\\React-Native\\tactics-trainer-remake\\images\\blackBishop.png","statementMap":{"0":{"start":{"line":1,"column":0},"end":{"line":1,"column":19}}},"fnMap":{},"branchMap":{},"s":{"0":2},"f":{},"b":{},"_coverageSchema":"1a1c01bbd47fc00a2c39e90264f33305004495a9","hash":"6650f643ea779dc5a53eda8017a45a0d657874a4"}
,"C:\\Users\\awbri\\Desktop\\Waste of Intelligence\\React-Native\\tactics-trainer-remake\\images\\blackKing.png": {"path":"C:\\Users\\awbri\\Desktop\\Waste of Intelligence\\React-Native\\tactics-trainer-remake\\images\\blackKing.png","statementMap":{"0":{"start":{"line":1,"column":0},"end":{"line":1,"column":19}}},"fnMap":{},"branchMap":{},"s":{"0":2},"f":{},"b":{},"_coverageSchema":"1a1c01bbd47fc00a2c39e90264f33305004495a9","hash":"3a7d8aa51ddbf697be1552c8b0e7b13bb9157fac"}
,"C:\\Users\\awbri\\Desktop\\Waste of Intelligence\\React-Native\\tactics-trainer-remake\\images\\blackKnight.png": {"path":"C:\\Users\\awbri\\Desktop\\Waste of Intelligence\\React-Native\\tactics-trainer-remake\\images\\blackKnight.png","statementMap":{"0":{"start":{"line":1,"column":0},"end":{"line":1,"column":19}}},"fnMap":{},"branchMap":{},"s":{"0":2},"f":{},"b":{},"_coverageSchema":"1a1c01bbd47fc00a2c39e90264f33305004495a9","hash":"9dbb827af8a3b4b5980b0e0c5b39a69ea9f3fb91"}
,"C:\\Users\\awbri\\Desktop\\Waste of Intelligence\\React-Native\\tactics-trainer-remake\\images\\blackPawn.png": {"path":"C:\\Users\\awbri\\Desktop\\Waste of Intelligence\\React-Native\\tactics-trainer-remake\\images\\blackPawn.png","statementMap":{"0":{"start":{"line":1,"column":0},"end":{"line":1,"column":19}}},"fnMap":{},"branchMap":{},"s":{"0":2},"f":{},"b":{},"_coverageSchema":"1a1c01bbd47fc00a2c39e90264f33305004495a9","hash":"2122f3b580ffe89390ea33ee16edd153ea7c87f9"}
,"C:\\Users\\awbri\\Desktop\\Waste of Intelligence\\React-Native\\tactics-trainer-remake\\images\\blackQueen.png": {"path":"C:\\Users\\awbri\\Desktop\\Waste of Intelligence\\React-Native\\tactics-trainer-remake\\images\\blackQueen.png","statementMap":{"0":{"start":{"line":1,"column":0},"end":{"line":1,"column":19}}},"fnMap":{},"branchMap":{},"s":{"0":2},"f":{},"b":{},"_coverageSchema":"1a1c01bbd47fc00a2c39e90264f33305004495a9","hash":"8a88852f6f96c6b7da3baf70f44190e5bc71c10b"}
,"C:\\Users\\awbri\\Desktop\\Waste of Intelligence\\React-Native\\tactics-trainer-remake\\images\\blackRook.png": {"path":"C:\\Users\\awbri\\Desktop\\Waste of Intelligence\\React-Native\\tactics-trainer-remake\\images\\blackRook.png","statementMap":{"0":{"start":{"line":1,"column":0},"end":{"line":1,"column":19}}},"fnMap":{},"branchMap":{},"s":{"0":2},"f":{},"b":{},"_coverageSchema":"1a1c01bbd47fc00a2c39e90264f33305004495a9","hash":"917f7894537568e6743108b0d1ef7057364f8b9a"}
,"C:\\Users\\awbri\\Desktop\\Waste of Intelligence\\React-Native\\tactics-trainer-remake\\images\\whiteBishop.png": {"path":"C:\\Users\\awbri\\Desktop\\Waste of Intelligence\\React-Native\\tactics-trainer-remake\\images\\whiteBishop.png","statementMap":{"0":{"start":{"line":1,"column":0},"end":{"line":1,"column":19}}},"fnMap":{},"branchMap":{},"s":{"0":2},"f":{},"b":{},"_coverageSchema":"1a1c01bbd47fc00a2c39e90264f33305004495a9","hash":"cfe5c64739fd2a2d6c2adad4ab1ac08d7809ce18"}
,"C:\\Users\\awbri\\Desktop\\Waste of Intelligence\\React-Native\\tactics-trainer-remake\\images\\whiteKing.png": {"path":"C:\\Users\\awbri\\Desktop\\Waste of Intelligence\\React-Native\\tactics-trainer-remake\\images\\whiteKing.png","statementMap":{"0":{"start":{"line":1,"column":0},"end":{"line":1,"column":19}}},"fnMap":{},"branchMap":{},"s":{"0":2},"f":{},"b":{},"_coverageSchema":"1a1c01bbd47fc00a2c39e90264f33305004495a9","hash":"52e661043110388d847b19f90ede505586ee7358"}
,"C:\\Users\\awbri\\Desktop\\Waste of Intelligence\\React-Native\\tactics-trainer-remake\\images\\whiteKnight.png": {"path":"C:\\Users\\awbri\\Desktop\\Waste of Intelligence\\React-Native\\tactics-trainer-remake\\images\\whiteKnight.png","statementMap":{"0":{"start":{"line":1,"column":0},"end":{"line":1,"column":19}}},"fnMap":{},"branchMap":{},"s":{"0":2},"f":{},"b":{},"_coverageSchema":"1a1c01bbd47fc00a2c39e90264f33305004495a9","hash":"83302955b8829bda723b5e988760daa00fc5b675"}
,"C:\\Users\\awbri\\Desktop\\Waste of Intelligence\\React-Native\\tactics-trainer-remake\\images\\whitePawn.png": {"path":"C:\\Users\\awbri\\Desktop\\Waste of Intelligence\\React-Native\\tactics-trainer-remake\\images\\whitePawn.png","statementMap":{"0":{"start":{"line":1,"column":0},"end":{"line":1,"column":19}}},"fnMap":{},"branchMap":{},"s":{"0":2},"f":{},"b":{},"_coverageSchema":"1a1c01bbd47fc00a2c39e90264f33305004495a9","hash":"04bc07f3d84fd98bdcc19861e8e8b9fc2abe1b14"}
,"C:\\Users\\awbri\\Desktop\\Waste of Intelligence\\React-Native\\tactics-trainer-remake\\images\\whiteQueen.png": {"path":"C:\\Users\\awbri\\Desktop\\Waste of Intelligence\\React-Native\\tactics-trainer-remake\\images\\whiteQueen.png","statementMap":{"0":{"start":{"line":1,"column":0},"end":{"line":1,"column":19}}},"fnMap":{},"branchMap":{},"s":{"0":2},"f":{},"b":{},"_coverageSchema":"1a1c01bbd47fc00a2c39e90264f33305004495a9","hash":"0d1c94e7eadd82263d96f45fb4d62b202ef0058d"}
,"C:\\Users\\awbri\\Desktop\\Waste of Intelligence\\React-Native\\tactics-trainer-remake\\images\\whiteRook.png": {"path":"C:\\Users\\awbri\\Desktop\\Waste of Intelligence\\React-Native\\tactics-trainer-remake\\images\\whiteRook.png","statementMap":{"0":{"start":{"line":1,"column":0},"end":{"line":1,"column":19}}},"fnMap":{},"branchMap":{},"s":{"0":2},"f":{},"b":{},"_coverageSchema":"1a1c01bbd47fc00a2c39e90264f33305004495a9","hash":"0f355a7b62da2f8939cf1b849f69280af0c175f8"}
}
