TN:
SF:App.tsx
FN:18,(anonymous_0)
FN:47,(anonymous_1)
FN:48,(anonymous_2)
FN:54,(anonymous_3)
FN:72,(anonymous_4)
FN:76,(anonymous_5)
FN:77,(anonymous_6)
FN:85,(anonymous_7)
FN:90,(anonymous_8)
FN:100,(anonymous_9)
FN:128,(anonymous_10)
FN:141,(anonymous_11)
FN:143,(anonymous_12)
FN:149,(anonymous_13)
FN:153,(anonymous_14)
FN:163,(anonymous_15)
FN:179,(anonymous_16)
FN:185,(anonymous_17)
FN:188,(anonymous_18)
FN:198,(anonymous_19)
FN:215,(anonymous_20)
FN:219,(anonymous_21)
FN:226,(anonymous_22)
FN:241,(anonymous_23)
FN:246,(anonymous_24)
FN:256,(anonymous_25)
FN:264,(anonymous_26)
FNF:27
FNH:7
FNDA:2,(anonymous_0)
FNDA:8,(anonymous_1)
FNDA:1,(anonymous_2)
FNDA:5,(anonymous_3)
FNDA:1,(anonymous_4)
FNDA:1,(anonymous_5)
FNDA:0,(anonymous_6)
FNDA:1,(anonymous_7)
FNDA:0,(anonymous_8)
FNDA:0,(anonymous_9)
FNDA:0,(anonymous_10)
FNDA:0,(anonymous_11)
FNDA:0,(anonymous_12)
FNDA:0,(anonymous_13)
FNDA:0,(anonymous_14)
FNDA:0,(anonymous_15)
FNDA:0,(anonymous_16)
FNDA:0,(anonymous_17)
FNDA:0,(anonymous_18)
FNDA:0,(anonymous_19)
FNDA:0,(anonymous_20)
FNDA:0,(anonymous_21)
FNDA:0,(anonymous_22)
FNDA:0,(anonymous_23)
FNDA:0,(anonymous_24)
FNDA:0,(anonymous_25)
FNDA:0,(anonymous_26)
DA:16,1
DA:18,1
DA:19,2
DA:20,2
DA:21,2
DA:22,2
DA:23,2
DA:26,2
DA:27,2
DA:28,2
DA:29,2
DA:30,2
DA:31,2
DA:32,2
DA:35,2
DA:36,2
DA:37,2
DA:38,2
DA:39,2
DA:40,2
DA:42,2
DA:47,8
DA:48,2
DA:50,1
DA:51,1
DA:54,5
DA:55,1
DA:56,1
DA:58,1
DA:59,1
DA:60,1
DA:61,1
DA:62,1
DA:63,1
DA:64,1
DA:65,1
DA:66,1
DA:67,1
DA:68,1
DA:69,1
DA:70,1
DA:72,2
DA:73,1
DA:76,2
DA:77,1
DA:78,0
DA:80,1
DA:81,0
DA:85,2
DA:86,1
DA:90,2
DA:91,0
DA:92,0
DA:94,0
DA:96,0
DA:97,0
DA:98,0
DA:101,0
DA:102,0
DA:104,0
DA:108,0
DA:110,0
DA:111,0
DA:112,0
DA:113,0
DA:115,0
DA:117,0
DA:120,0
DA:121,0
DA:122,0
DA:125,0
DA:126,0
DA:129,0
DA:130,0
DA:132,0
DA:135,0
DA:136,0
DA:141,2
DA:142,0
DA:143,0
DA:144,0
DA:145,0
DA:146,0
DA:147,0
DA:148,0
DA:149,0
DA:150,0
DA:153,2
DA:154,0
DA:156,0
DA:157,0
DA:158,0
DA:161,0
DA:162,0
DA:163,0
DA:164,0
DA:165,0
DA:166,0
DA:167,0
DA:168,0
DA:170,0
DA:171,0
DA:174,0
DA:175,0
DA:179,2
DA:180,0
DA:181,0
DA:182,0
DA:183,0
DA:184,0
DA:185,0
DA:186,0
DA:187,0
DA:188,0
DA:189,0
DA:190,0
DA:191,0
DA:192,0
DA:194,0
DA:198,2
DA:199,0
DA:200,0
DA:202,0
DA:203,0
DA:204,0
DA:205,0
DA:207,0
DA:208,0
DA:211,0
DA:212,0
DA:214,0
DA:215,0
DA:219,0
DA:220,0
DA:221,0
DA:222,0
DA:226,2
DA:231,0
DA:232,0
DA:233,0
DA:234,0
DA:235,0
DA:236,0
DA:237,0
DA:238,0
DA:241,2
DA:242,0
DA:246,2
DA:247,0
DA:248,0
DA:249,0
DA:250,0
DA:251,0
DA:252,0
DA:253,0
DA:254,0
DA:256,2
DA:257,0
DA:258,0
DA:259,0
DA:260,0
DA:263,2
DA:264,0
DA:339,1
LF:164
LH:59
BRDA:42,0,0,1
BRDA:42,0,1,1
BRDA:80,1,0,0
BRDA:80,1,1,1
BRDA:91,2,0,0
BRDA:91,2,1,0
BRDA:91,3,0,0
BRDA:91,3,1,0
BRDA:92,4,0,0
BRDA:92,4,1,0
BRDA:96,5,0,0
BRDA:96,5,1,0
BRDA:96,6,0,0
BRDA:96,6,1,0
BRDA:108,7,0,0
BRDA:108,7,1,0
BRDA:111,8,0,0
BRDA:111,8,1,0
BRDA:117,9,0,0
BRDA:117,9,1,0
BRDA:122,10,0,0
BRDA:122,10,1,0
BRDA:154,11,0,0
BRDA:154,11,1,0
BRDA:168,12,0,0
BRDA:168,12,1,0
BRDA:190,13,0,0
BRDA:190,13,1,0
BRDA:200,14,0,0
BRDA:200,14,1,0
BRDA:205,15,0,0
BRDA:205,15,1,0
BRDA:229,16,0,0
BRDA:284,17,0,1
BRDA:284,17,1,1
BRDA:286,18,0,2
BRDA:286,18,1,0
BRDA:289,19,0,2
BRDA:289,19,1,0
BRF:39
BRH:7
end_of_record
TN:
SF:components\board.tsx
FN:34,(anonymous_0)
FN:48,(anonymous_1)
FN:72,(anonymous_2)
FN:75,(anonymous_3)
FN:85,(anonymous_4)
FN:89,(anonymous_5)
FNF:6
FNH:6
FNDA:23,(anonymous_0)
FNDA:23,(anonymous_1)
FNDA:184,(anonymous_2)
FNDA:1472,(anonymous_3)
FNDA:1,(anonymous_4)
FNDA:4,(anonymous_5)
DA:34,2
DA:45,23
DA:46,23
DA:47,23
DA:48,23
DA:49,23
DA:50,23
DA:51,23
DA:52,23
DA:53,23
DA:54,3
DA:55,3
DA:56,3
DA:57,1
DA:58,1
DA:59,1
DA:60,1
DA:62,2
DA:63,2
DA:64,2
DA:65,2
DA:67,3
DA:70,23
DA:73,184
DA:77,1472
DA:81,1472
DA:85,1
DA:90,4
DA:91,4
DA:184,2
LF:30
LH:30
BRDA:53,0,0,20
BRDA:53,0,1,3
BRDA:53,1,0,23
BRDA:53,1,1,3
BRDA:56,2,0,1
BRDA:56,2,1,2
BRDA:77,3,0,1088
BRDA:77,3,1,384
BRDA:91,4,0,3
BRDA:91,4,1,1
BRDA:96,5,0,736
BRDA:96,5,1,736
BRDA:103,6,0,1472
BRDA:103,6,1,184
BRDA:109,7,0,1472
BRDA:109,7,1,184
BRDA:115,8,0,1472
BRDA:115,8,1,1471
BRDA:115,8,2,2
BRDA:122,9,0,1472
BRDA:122,9,1,2
BRDA:129,10,0,1472
BRDA:129,10,1,723
BRDA:157,11,0,23
BRDA:157,11,1,8
BRF:25
BRH:25
end_of_record
TN:
SF:components\controls.tsx
FN:16,(anonymous_0)
FNF:1
FNH:1
FNDA:8,(anonymous_0)
DA:16,2
DA:26,8
DA:81,2
LF:3
LH:3
BRDA:26,0,0,4
BRDA:26,0,1,4
BRDA:47,1,0,3
BRDA:47,1,1,1
BRF:4
BRH:4
end_of_record
TN:
SF:components\promote.tsx
FN:13,(anonymous_0)
FN:15,(anonymous_1)
FN:18,(anonymous_2)
FN:21,(anonymous_3)
FN:24,(anonymous_4)
FNF:5
FNH:0
FNDA:0,(anonymous_0)
FNDA:0,(anonymous_1)
FNDA:0,(anonymous_2)
FNDA:0,(anonymous_3)
FNDA:0,(anonymous_4)
DA:13,1
DA:14,0
DA:15,0
DA:18,0
DA:21,0
DA:24,0
DA:33,1
LF:7
LH:2
BRF:0
BRH:0
end_of_record
TN:
SF:helpers\chooseImage.ts
FN:4,(anonymous_0)
FNF:1
FNH:1
FNDA:723,(anonymous_0)
DA:4,2
DA:8,723
DA:9,360
DA:11,23
DA:13,23
DA:15,44
DA:17,44
DA:19,46
DA:21,180
DA:23,0
DA:26,363
DA:28,23
DA:30,22
DA:32,45
DA:34,45
DA:36,46
DA:38,182
DA:40,0
LF:18
LH:16
BRDA:8,0,0,360
BRDA:8,0,1,363
BRDA:9,1,0,23
BRDA:9,1,1,23
BRDA:9,1,2,44
BRDA:9,1,3,44
BRDA:9,1,4,46
BRDA:9,1,5,180
BRDA:9,1,6,0
BRDA:26,2,0,23
BRDA:26,2,1,22
BRDA:26,2,2,45
BRDA:26,2,3,45
BRDA:26,2,4,46
BRDA:26,2,5,182
BRDA:26,2,6,0
BRF:16
BRH:14
end_of_record
TN:
SF:images\blackBishop.png
FNF:0
FNH:0
DA:1,2
LF:1
LH:1
BRF:0
BRH:0
end_of_record
TN:
SF:images\blackKing.png
FNF:0
FNH:0
DA:1,2
LF:1
LH:1
BRF:0
BRH:0
end_of_record
TN:
SF:images\blackKnight.png
FNF:0
FNH:0
DA:1,2
LF:1
LH:1
BRF:0
BRH:0
end_of_record
TN:
SF:images\blackPawn.png
FNF:0
FNH:0
DA:1,2
LF:1
LH:1
BRF:0
BRH:0
end_of_record
TN:
SF:images\blackQueen.png
FNF:0
FNH:0
DA:1,2
LF:1
LH:1
BRF:0
BRH:0
end_of_record
TN:
SF:images\blackRook.png
FNF:0
FNH:0
DA:1,2
LF:1
LH:1
BRF:0
BRH:0
end_of_record
TN:
SF:images\whiteBishop.png
FNF:0
FNH:0
DA:1,2
LF:1
LH:1
BRF:0
BRH:0
end_of_record
TN:
SF:images\whiteKing.png
FNF:0
FNH:0
DA:1,2
LF:1
LH:1
BRF:0
BRH:0
end_of_record
TN:
SF:images\whiteKnight.png
FNF:0
FNH:0
DA:1,2
LF:1
LH:1
BRF:0
BRH:0
end_of_record
TN:
SF:images\whitePawn.png
FNF:0
FNH:0
DA:1,2
LF:1
LH:1
BRF:0
BRH:0
end_of_record
TN:
SF:images\whiteQueen.png
FNF:0
FNH:0
DA:1,2
LF:1
LH:1
BRF:0
BRH:0
end_of_record
TN:
SF:images\whiteRook.png
FNF:0
FNH:0
DA:1,2
LF:1
LH:1
BRF:0
BRH:0
end_of_record
