TN:
SF:App.tsx
FN:7,(anonymous_0)
FN:8,(anonymous_1)
FNF:2
FNH:2
FNDA:1,(anonymous_0)
FNDA:1,(anonymous_1)
DA:7,1
DA:8,1
DA:9,1
DA:11,1
LF:4
LH:4
BRF:0
BRH:0
end_of_record
TN:
SF:game.tsx
FN:19,(anonymous_0)
FN:36,(anonymous_1)
FN:37,(anonymous_2)
FN:62,(anonymous_3)
FN:67,(anonymous_4)
FN:77,(anonymous_5)
FN:83,(anonymous_6)
FN:89,(anonymous_7)
FN:111,(anonymous_8)
FN:120,(anonymous_9)
FN:125,(anonymous_10)
FN:134,(anonymous_11)
FN:149,(anonymous_12)
FN:172,(anonymous_13)
FN:183,(anonymous_14)
FN:187,(anonymous_15)
FN:190,(anonymous_16)
FN:195,(anonymous_17)
FNF:18
FNH:18
FNDA:265,(anonymous_0)
FNDA:52,(anonymous_1)
FNDA:26,(anonymous_2)
FNDA:107,(anonymous_3)
FNDA:11,(anonymous_4)
FNDA:84,(anonymous_5)
FNDA:94,(anonymous_6)
FNDA:111,(anonymous_7)
FNDA:4,(anonymous_8)
FNDA:101,(anonymous_9)
FNDA:1,(anonymous_10)
FNDA:26,(anonymous_11)
FNDA:34,(anonymous_12)
FNDA:7,(anonymous_13)
FNDA:7,(anonymous_14)
FNDA:1,(anonymous_15)
FNDA:1,(anonymous_16)
FNDA:1,(anonymous_17)
DA:19,2
DA:20,265
DA:21,265
DA:22,265
DA:23,265
DA:24,265
DA:25,265
DA:26,265
DA:27,265
DA:28,265
DA:29,265
DA:30,265
DA:31,265
DA:32,265
DA:33,265
DA:34,265
DA:36,265
DA:37,52
DA:39,26
DA:41,26
DA:45,26
DA:47,26
DA:48,26
DA:49,26
DA:50,26
DA:51,26
DA:52,26
DA:53,26
DA:54,26
DA:56,52
DA:57,26
DA:58,26
DA:62,265
DA:63,107
DA:64,18
DA:65,11
DA:66,11
DA:67,11
DA:68,11
DA:69,11
DA:72,7
DA:77,265
DA:78,84
DA:79,51
DA:80,36
DA:82,15
DA:83,94
DA:89,265
DA:90,111
DA:91,7
DA:92,7
DA:94,3
DA:95,3
DA:97,1
DA:98,1
DA:101,2
DA:102,2
DA:103,2
DA:104,2
DA:109,4
DA:111,4
DA:112,4
DA:113,4
DA:114,4
DA:120,265
DA:121,101
DA:122,2
DA:123,2
DA:124,2
DA:125,1
DA:126,1
DA:127,1
DA:128,1
DA:129,1
DA:134,265
DA:135,26
DA:136,25
DA:137,25
DA:138,15
DA:140,15
DA:141,14
DA:142,14
DA:147,10
DA:148,10
DA:149,34
DA:152,10
DA:153,7
DA:154,3
DA:156,1
DA:157,1
DA:160,2
DA:161,2
DA:162,1
DA:163,1
DA:165,1
DA:166,1
DA:172,265
DA:177,7
DA:178,7
DA:179,7
DA:180,7
DA:181,7
DA:183,265
DA:184,7
DA:185,7
DA:187,265
DA:188,1
DA:190,265
DA:191,1
DA:195,265
DA:196,1
DA:197,1
DA:198,1
DA:199,1
DA:200,1
DA:201,1
DA:204,265
LF:117
LH:117
BRDA:56,0,0,26
BRDA:56,0,1,26
BRDA:63,1,0,18
BRDA:63,1,1,89
BRDA:63,2,0,107
BRDA:63,2,1,77
BRDA:64,3,0,11
BRDA:64,3,1,7
BRDA:78,4,0,51
BRDA:78,4,1,33
BRDA:79,5,0,36
BRDA:79,5,1,15
BRDA:90,6,0,7
BRDA:90,6,1,104
BRDA:90,7,0,111
BRDA:90,7,1,8
BRDA:92,8,0,3
BRDA:92,8,1,4
BRDA:95,9,0,1
BRDA:95,9,1,2
BRDA:121,10,0,2
BRDA:121,10,1,99
BRDA:121,11,0,101
BRDA:121,11,1,2
BRDA:124,12,0,1
BRDA:124,12,1,1
BRDA:135,13,0,25
BRDA:135,13,1,1
BRDA:135,14,0,26
BRDA:135,14,1,26
BRDA:137,15,0,15
BRDA:137,15,1,10
BRDA:140,16,0,14
BRDA:140,16,1,1
BRDA:140,17,0,15
BRDA:140,17,1,14
BRDA:149,18,0,34
BRDA:149,18,1,34
BRDA:152,19,0,7
BRDA:152,19,1,3
BRDA:152,20,0,10
BRDA:152,20,1,7
BRDA:154,21,0,1
BRDA:154,21,1,2
BRDA:161,22,0,1
BRDA:161,22,1,1
BRDA:161,23,0,2
BRDA:161,23,1,1
BRDA:208,24,0,53
BRDA:208,24,1,212
BRDA:210,25,0,265
BRDA:210,25,1,12
BRDA:213,26,0,265
BRDA:213,26,1,6
BRDA:239,27,0,265
BRDA:239,27,1,153
BRDA:239,27,2,135
BRF:57
BRH:57
end_of_record
TN:
SF:components\board.tsx
FN:24,(anonymous_0)
FN:30,(anonymous_1)
FN:50,(anonymous_2)
FN:54,(anonymous_3)
FN:60,(anonymous_4)
FN:63,(anonymous_5)
FN:67,(anonymous_6)
FNF:7
FNH:7
FNDA:235,(anonymous_0)
FNDA:15040,(anonymous_1)
FNDA:15040,(anonymous_2)
FNDA:15040,(anonymous_3)
FNDA:1880,(anonymous_4)
FNDA:15040,(anonymous_5)
FNDA:26,(anonymous_6)
DA:24,2
DA:30,235
DA:31,15040
DA:32,15040
DA:34,7520
DA:35,3760
DA:37,3760
DA:41,7520
DA:42,3760
DA:44,3760
DA:48,15040
DA:50,235
DA:51,15040
DA:52,15040
DA:54,235
DA:55,15040
DA:56,15040
DA:58,235
DA:61,1880
DA:64,15040
DA:67,26
LF:21
LH:21
BRDA:32,0,0,7520
BRDA:32,0,1,7520
BRDA:34,1,0,3760
BRDA:34,1,1,3760
BRDA:41,2,0,3760
BRDA:41,2,1,3760
BRDA:72,3,0,15040
BRDA:72,3,1,1880
BRDA:73,4,0,15040
BRDA:73,4,1,1880
BRDA:74,5,0,15040
BRDA:74,5,1,30
BRDA:77,6,0,15040
BRDA:77,6,1,166
BRDA:80,7,0,15040
BRDA:80,7,1,4391
BRF:16
BRH:16
end_of_record
TN:
SF:components\controls.tsx
FN:16,(anonymous_0)
FNF:1
FNH:1
FNDA:235,(anonymous_0)
DA:16,2
DA:24,235
DA:25,107
DA:36,128
DA:37,18
DA:39,110
LF:6
LH:6
BRDA:24,0,0,107
BRDA:24,0,1,128
BRDA:24,1,0,235
BRDA:24,1,1,107
BRDA:36,2,0,18
BRDA:36,2,1,110
BRF:6
BRH:6
end_of_record
TN:
SF:helpers\chooseImage.ts
FN:4,(anonymous_0)
FNF:1
FNH:1
FNDA:4391,(anonymous_0)
DA:4,2
DA:5,4391
DA:6,1852
DA:8,233
DA:10,230
DA:12,3
DA:14,3
DA:16,463
DA:18,920
DA:21,2539
DA:23,233
DA:25,3
DA:27,230
DA:29,230
DA:31,463
DA:33,1380
LF:16
LH:16
BRDA:5,0,0,1852
BRDA:5,0,1,2539
BRDA:6,1,0,233
BRDA:6,1,1,230
BRDA:6,1,2,3
BRDA:6,1,3,3
BRDA:6,1,4,463
BRDA:6,1,5,920
BRDA:21,2,0,233
BRDA:21,2,1,3
BRDA:21,2,2,230
BRDA:21,2,3,230
BRDA:21,2,4,463
BRDA:21,2,5,1380
BRF:14
BRH:14
end_of_record
TN:
SF:helpers\convertCoords.ts
FN:1,(anonymous_0)
FNF:1
FNH:1
FNDA:48908,(anonymous_0)
DA:1,3
DA:2,48908
DA:3,48908
DA:4,48908
LF:4
LH:4
BRF:0
BRH:0
end_of_record
TN:
SF:helpers\firebase.tsx
FN:11,(anonymous_0)
FNF:1
FNH:1
FNDA:1,(anonymous_0)
DA:6,2
DA:11,2
DA:12,1
LF:3
LH:3
BRF:0
BRH:0
end_of_record
TN:
SF:helpers\pgnString.ts
FN:3,(anonymous_0)
FNF:1
FNH:1
FNDA:136,(anonymous_0)
DA:3,3
DA:4,136
DA:5,136
LF:3
LH:3
BRF:0
BRH:0
end_of_record
TN:
SF:types\PGN.ts
FNF:0
FNH:0
DA:15,2
LF:1
LH:1
BRF:0
BRH:0
end_of_record
TN:
SF:types\env.d.ts
FNF:0
FNH:0
LF:0
LH:0
BRF:0
BRH:0
end_of_record
